Hand: QS 9H 7C TC 6H Deck: 3H JC 9C 7D 9C Best hand: one-pair
Hand: 7D 3D 2D 3C 3S Deck: 4D AH 9H 6C JD Best hand: three-of-a-kind
Hand: 6S 3S QH 7S JC Deck: 5D QH 3D QC KD Best hand: three-of-a-kind
Hand: 4D TD JC JS AC Deck: 3H 4S AS AS TC Best hand: three-of-a-kind
Hand: 3S 5S 8S 6H QD Deck: QD QC 6D 3H 9S Best hand: full-house
Hand: 9D 5D 3D TD KC Deck: 5H TH TD QC KD Best hand: full-house
Hand: KH 7D 9C 2H 9S Deck: QS TC JS KH QH Best hand: straight
Hand: 8S QH 9C JC 4D Deck: 4C KH 9D TS 3H Best hand: two-pair
Hand: 5D KC 2H 9S JD Deck: QS 3S 9S 5H JH Best hand: one-pair
Hand: 3D 5D JH 4D 9S Deck: AS JC 6C 2C 3C Best hand: one-pair
Hand: 9H QH 9H 9D TH Deck: 9D 2H 4C JD QC Best hand: four-of-a-kind
Hand: QD 8D 2S 7S KD Deck: QS KC 3S 9H TC Best hand: two-pair
Hand: AD 9D JH 8C 3S Deck: 4D 2S 6C 7D 2D Best hand: one-pair
Hand: TD 5C QS 9H 2C Deck: TD 8D QS TD 6H Best hand: three-of-a-kind
Hand: 5C 9C 8C 7D 5D Deck: 7D KC 9C JC AH Best hand: two-pair
Hand: KD QD TD 4S 8S Deck: 6S 3D 9H 7C 3H Best hand: one-pair
Hand: 4D 6D TH 4C 6S Deck: 4C 9C 3H 8H AH Best hand: full-house
Hand: 9S 6D 9H KS 9H Deck: 8S 6H 5S AH 6S Best hand: three-of-a-kind
Hand: AH 4H TS 7S 9D Deck: KS KH 6S 6D 8S Best hand: two-pair
Hand: QH 5C TD 4S 5C Deck: 2D QD 3H 7H 7H Best hand: two-pair
Hand: KD 2H JD TC 2S Deck: JS KD 6D QC JD Best hand: two-pair
Hand: TD JC AS KD 7C Deck: KS 5C 7S QC TS Best hand: two-pair
Hand: 4H 6H AH 9H 3H Deck: JD QH 8C 2C QD Best hand: flush
Hand: 9H 2S TH 6D 4D Deck: 6C QC TS TS TH Best hand: three-of-a-kind
Hand: 9H QD 2C 4S 3S Deck: 4C 9D JS 6S AS Best hand: two-pair
Hand: KS 5H 9C 6H QH Deck: TD 6S QH 9H 3S Best hand: two-pair
Hand: TC 2C JS 2D 7C Deck: 3H KD 3D 8C 6C Best hand: two-pair
Hand: TD JC 5S TD 7C Deck: 4S 8S TS 5D JD Best hand: three-of-a-kind
Hand: 8C 8C 4C 5D QH Deck: AC 9H 9C 7S KC Best hand: two-pair
Hand: 3D 3C 9S 8H TC Deck: AH KS KD KS 7D Best hand: three-of-a-kind
Hand: 6H 7C TS 9C 8H Deck: 3C 9H AH 7C 7S Best hand: straight
Hand: 5H 3S 2S JC 9H Deck: 4D QD QS TH 9S Best hand: one-pair
Hand: KH 2S TH 4D AC Deck: 4D 3C TS 2C 5H Best hand: two-pair
Hand: 2S 9S 6C 9D 2D Deck: QS 4S AS 6S 9S Best hand: flush
Hand: 4H 2S 8C 4C AD Deck: 4S 7C 7S 6C TS Best hand: full-house
Hand: 4H 8D QH 9S 6S Deck: 3H 4D 7S 8H 3D Best hand: one-pair
Hand: 3C 4C QS 8S AH Deck: 6H 6H 2S 5D 8S Best hand: one-pair
Hand: 3H KH 3S TD 3H Deck: 7H 4H 3H 6S 3S Best hand: flush
Hand: 4D 8S AH 7D 6S Deck: JD 4S 4S 4D 4D Best hand: four-of-a-kind
Hand: QD 4C 6C 9S 7C Deck: TC TC KS AD KS Best hand: flush
Hand: QH JH 6C 7D JD Deck: 4H 5S TH JS 7S Best hand: one-pair
Hand: 7C 5C QC QS JC Deck: 7D 9H 3C KD QD Best hand: two-pair
Hand: JD TD AS 4C AH Deck: TC 3H AD 2H QC Best hand: three-of-a-kind
Hand: 4C JC 2D 8C 2D Deck: 5C 2S QD AC QD Best hand: three-of-a-kind
Hand: JD KD AH 2D 9S Deck: 8C 5S 6H 6S 4H Best hand: one-pair
Hand: 4C 9C 9D 9D QH Deck: 4S KD 3D KS 8S Best hand: full-house
Hand: 5S 7C 8S TD JC Deck: AC AH 4C 4S JH Best hand: two-pair
Hand: AS 3C 4H 7H JD Deck: AH 4H AC TH 5S Best hand: full-house
Hand: 4C 9D KD 8D AD Deck: TS 8C JH JH 6C Best hand: two-pair
Hand: 3H 9S 8H TC 5S Deck: 2H 4C 7D 5H 3H Best hand: one-pair
Hand: AH TH QC 9S 8D Deck: 5H 6C 7H 4D 3C Best hand: straight
Hand: JS TC 9D 3D KH Deck: 2S 3D 5C QS 7C Best hand: one-pair
Hand: 7C AS 9C 3S 5D Deck: 3D 4S 5H 4D JH Best hand: two-pair
Hand: TS AS KH 8S AD Deck: AH TD 2D 6H 7D Best hand: full-house
Hand: JC TD TD TH JH Deck: KH KC 7C QH 9H Best hand: full-house
Hand: AD KD KS QC KC Deck: 9D 9H AS AH 3D Best hand: full-house
Hand: QS 5S JH 9D 9D Deck: 7S TC 7C 6C KH Best hand: two-pair
Hand: 7C 4S 7C 9S 8S Deck: 7D 4D QH 7S 4S Best hand: full-house
Hand: JH JD TH 8C 7C Deck: 9S 9S KS 8H 4D Best hand: straight
Hand: 7C 5C 6S QS QS Deck: 5H QS AS 8C 9H Best hand: full-house
Hand: QD 3C 2S AC JS Deck: 4C QD KC 2C 5C Best hand: one-pair
Hand: 2H TH AC KH 5H Deck: 4C 5H JH 8S 3C Best hand: one-pair
Hand: 6D 5S 2C 2S QS Deck: QH KS AH JC KC Best hand: two-pair
Hand: TC 2S 5D 2D 4D Deck: JD AD 2H TS 9D Best hand: flush
Hand: AS 5D 3S JD QD Deck: 2H AS TC 4C KC Best hand: one-pair
Hand: 6H AD JH AH QC Deck: 8D 3S 3D 4S TC Best hand: two-pair
Hand: 3S 5C KS QD TH Deck: 3D JS 4S QS 3D Best hand: one-pair
Hand: 4H 8S JD 2S 4C Deck: 3H KH 3S 3D 4H Best hand: three-of-a-kind
Hand: JS QD 3S QC 2C Deck: 6H 4C 6D 6S 8S Best hand: three-of-a-kind
Hand: AD 2S JH 2S 8D Deck: 8C 7C 2H QD 8S Best hand: three-of-a-kind
Hand: JD 7H JC KD 9C Deck: 2S AS KC 2H 8C Best hand: two-pair
Hand: QD AC 6C QH JH Deck: KH TD 3S AH 3S Best hand: straight
Hand: 7D 3H 5H QD KH Deck: AH 5C QD AS 7S Best hand: two-pair
Hand: 9H 6C 8D 3S 7D Deck: KH 7C AC 4D 7H Best hand: one-pair
Hand: 2H QD 4H KH 2S Deck: AS 7H TH 5C JC Best hand: one-pair
Hand: JD 2D KD 3D 9C Deck: 9H 6H TD 9S 2D Best hand: three-of-a-kind
Hand: 7C 2D 2S 9D 7C Deck: JS JH AS 2C 8S Best hand: two-pair
Hand: QC 4S JH 7D QD Deck: 5D QD 4S JD KS Best hand: three-of-a-kind
Hand: 3H JC 4S 7C TH Deck: 5H KS 4S AH 4D Best hand: one-pair
Hand: 3H QS 7S QH TD Deck: 8C 9C JH QS JH Best hand: straight
Hand: KC AH 3H 9D 4H Deck: JC 5C KD KC QD Best hand: three-of-a-kind
Hand: 4H AC 6H 7C 6H Deck: 9H 5D JD TD 5H Best hand: one-pair
Hand: 6D 4D 8S QH KS Deck: JD 3D 8C KH 6C Best hand: one-pair
Hand: 2S 9H 5H TC TD Deck: QS 3S 2D TS AS Best hand: one-pair
Hand: 3D TC 8H TC 5D Deck: JD AH TC 6C AC Best hand: three-of-a-kind
Hand: JD JS AH JD TC Deck: TH KS 9H 7H 7H Best hand: full-house
Hand: 4D JC 4D 8S 4C Deck: 2C 3C 3H KC 6D Best hand: three-of-a-kind
Hand: 2S 3D 2H 8S TD Deck: QC KS 7H 8C 7D Best hand: one-pair
Hand: 8C 6H 6S 6D KS Deck: 6S 2D AH KD 6S Best hand: four-of-a-kind
Hand: JS 3D 2C AD KH Deck: 9D 2C 4S 4C 4S Best hand: three-of-a-kind
Hand: AD KD 9H 3S QH Deck: 7D 8H 2D 8S 5C Best hand: one-pair
Hand: QS 5S 5H JH TH Deck: 6C 2S 9S 5C 2S Best hand: one-pair
Hand: 8H 8S 9S KC 2S Deck: 4S AS 5S AH KS Best hand: flush
Hand: 4C 3C 6S 4H AH Deck: TD 2C AH 2S 5D Best hand: two-pair
Hand: AC TS 8C TH 6H Deck: QH 6C 4D 2H TC Best hand: two-pair
Hand: KC JC 9H QH 8D Deck: 4C AD TD 6C 5D Best hand: highest card
Hand: QC TD 6H JH 2D Deck: 8D JD 8D 9H 5S Best hand: flush
Hand: QH 9C AC 9C AS Deck: 9C TS AD 6H 9C Best hand: full-house
Hand: 3D 3H TS 4D 2D Deck: TS 5S JH AS QD Best hand: two-pair
Hand: TD 4H AD KC 2H Deck: 8H JS 6S 7C AS Best hand: highest card
Hand: 5S KH 2D 3H JC Deck: 4H 9D 9D QD 6C Best hand: one-pair
Hand: 5C 4H 4D 3C AD Deck: AH KD JC 4C 8C Best hand: two-pair
Hand: TC AH 9D AC KC Deck: 9C KD 2S KD 5D Best hand: three-of-a-kind
Hand: 6H 3H 7S 2C 3C Deck: 4C KH 9H QC JC Best hand: one-pair
Hand: 6D AC KD 7C QD Deck: 2D 4H JH 2H 4C Best hand: two-pair
Hand: 4C JC 5H 4C QH Deck: 3H 4D 2D 5D 6S Best hand: straight
Hand: QD 5C 9S 7C TD Deck: 6S 7C 5D 8H 4H Best hand: straight
Hand: 6C 6S 8D 8D TS Deck: 9S 8D AS AH AC Best hand: three-of-a-kind
Hand: 5C 2H AD 6C TD Deck: AC 9D 4S 5S 9S Best hand: one-pair
Hand: 4C 5H 9S 6D KC Deck: 5S 7D 7C 2D 4H Best hand: two-pair
Hand: 6S 9S AD 3C 4C Deck: QH QH TD 9H 3D Best hand: two-pair
Hand: TC 4S KS 6C AD Deck: 7C TS 2H KC 7C Best hand: one-pair
Hand: 4C TC 7S KH 5H Deck: 6C 7C 2S 2H 4S Best hand: two-pair
Hand: 6H TC KS TH AC Deck: 4H 3H 6H 2D JD Best hand: flush
Hand: 5C 5D AH 7H 8H Deck: 2D 7H AD 8H AH Best hand: two-pair
Hand: 9S 5S 8D 7H JC Deck: 7D JC KH 7D 9S Best hand: three-of-a-kind
Hand: 7H 3C AC KD 3C Deck: 4C 7C 9S QD 3S Best hand: flush
Hand: TH 6D 4C 9C TC Deck: JS 9C 5C 5C 3S Best hand: two-pair
Hand: JS KH QD 3S 5H Deck: 6S AS 5S 9D TC Best hand: flush
Hand: AC 7D KS AH 5D Deck: 9H QH TD 9S 6D Best hand: one-pair
Hand: AH KS 6H QS JS Deck: 7C 8D 3H 7D KD Best hand: one-pair
Hand: 4S 5C 7D 9D 3D Deck: 4S 8H JH QH 9H Best hand: one-pair
Hand: 2S 5H 7D 7C 6D Deck: 7C 2C 9C QC TS Best hand: full-house
Hand: 7H 8S 6C JD QH Deck: 9D 3S 9C 2S 8C Best hand: one-pair
Hand: 6S TD JC 4H 6H Deck: 7C KS 4D JC 7D Best hand: one-pair
Hand: 6S 7C 3H AC 7S Deck: 5D QD JS 9C KH Best hand: one-pair
Hand: 4H AD 3C 8H 2H Deck: JC QD 5H 5D 5H Best hand: three-of-a-kind
Hand: JS 7D 5C QC AS Deck: KD QD 3C 4D 6H Best hand: one-pair
Hand: 2H JH 9C QH 6S Deck: 3S 2D 3H 5D KS Best hand: two-pair
Hand: AC 7C 9D KS 6H Deck: 9D 2H JH AH KD Best hand: one-pair
Hand: TS 9C 6S 6H 2C Deck: KS 8S 6C TH 2S Best hand: three-of-a-kind
Hand: AC AH AS 9D QD Deck: 8C 8D 5D QS JS Best hand: full-house
Hand: TD AS QH TC AH Deck: 9H JD AD 7C 8S Best hand: three-of-a-kind
Hand: 2D 9C JH KC 6S Deck: 5H QH 4S JC JS Best hand: one-pair
Hand: 9C 8S 5S 2C 5S Deck: 9D 9S 8D 2C 7C Best hand: full-house
Hand: JS 9H KD 6S 3H Deck: 6D JS JH QC 3C Best hand: full-house
Hand: KH 3D TH QD 2C Deck: 2D 7C TC 6C 9H Best hand: two-pair
Hand: 7S 2D 3H 3D AD Deck: 7H 7H 4H 2C 9S Best hand: full-house
Hand: 9D 2C 8H TH TH Deck: 8S 4C QS 5S TD Best hand: two-pair
Hand: 8S 8C 2H 8C QS Deck: 7C 9S KS 4H KS Best hand: three-of-a-kind
Hand: JC AD 2D TH 3D Deck: 6S 6D 4D QC 2D Best hand: one-pair
Hand: 4H 2H 3D AC 9C Deck: 4C 2H TC 4H AS Best hand: three-of-a-kind
Hand: 9H QS QD AC TH Deck: JH QC QH 9S AC Best hand: four-of-a-kind
Hand: QS 9S 5C 9D 8S Deck: 4S 9C KS 8H 5H Best hand: three-of-a-kind
Hand: 4H JS JD 3D AS Deck: 5D AC JC AH JD Best hand: three-of-a-kind
Hand: 8D QS 8S 9H 6D Deck: 5H 3H KH 4S 8D Best hand: one-pair
Hand: 5D 5C 8H KD KS Deck: 3D 7D JH QC 3D Best hand: two-pair
Hand: 7C KS 6S 6S 4D Deck: QS 4H 5H AH TH Best hand: two-pair
Hand: 4C 8H 6H TH 5D Deck: 5S 4C 8S 4C AH Best hand: three-of-a-kind
Hand: QS 6S KH QH 9S Deck: 8C TS 6C 4H JH Best hand: one-pair
Hand: KH 7H AH 4D AD Deck: 7C TS 7C 9H AS Best hand: three-of-a-kind
Hand: AH 6D 7H QH 6S Deck: 5D 3C 4H 6S 7H Best hand: straight
Hand: 7S QD AS 5C QD Deck: 2C 2C 4H 5D 2H Best hand: three-of-a-kind
Hand: 2C 8S QH 3C 2H Deck: JS 6C 9D 2H 2H Best hand: one-pair
Hand: AC 6S 9S 7S 4D Deck: 8S 6D AS 2D 5S Best hand: two-pair
Hand: 2D JC AS JS 5H Deck: 3D 4D 5S 3C 7D Best hand: straight
Hand: JC 2D 8D 5S 7C Deck: AD 9H 2S 2S 8H Best hand: three-of-a-kind
Hand: QD 9S JS KH QD Deck: JD 6C 6S 6C AD Best hand: full-house
Hand: 9H AC AD TD 7D Deck: 6S QD 3H 8C 8S Best hand: one-pair
Hand: 8H KC KS 3C 3H Deck: 8C 2H TH JC 2D Best hand: two-pair
Hand: 8C 9C 6H QD 9H Deck: 7D 8D AD AS JC Best hand: two-pair
Hand: 4H QH 9D 8D 8H Deck: 8D JD JS JC 7S Best hand: full-house
Hand: KH 6H JD JD 5C Deck: AS 4C 5D AH AS Best hand: three-of-a-kind
Hand: 4S 5C TC KH 4D Deck: 2H QH 5C 7S AC Best hand: one-pair
Hand: 2C 3H 5S KH 4H Deck: 2H QD 7H 7D KS Best hand: two-pair
Hand: QS 2C 7H AD 2D Deck: KH TH 7C 4H QC Best hand: one-pair
Hand: TC QD 7H TS QS Deck: KH 5S TD QC JD Best hand: three-of-a-kind
Hand: 5D 4H 5C 5S 7C Deck: AH 6S 6D 6H AH Best hand: full-house
Hand: 7C 9D 2S 4D TH Deck: 8C 2H 9H 3H 6C Best hand: two-pair
Hand: 8D 2C JD JS 2H Deck: 9S 8C 5C 8C 7C Best hand: three-of-a-kind
Hand: 2D 8S 5H JC 2H Deck: 3S JS 4H 7S AH Best hand: two-pair
Hand: 6D 8C 5D 8D QC Deck: TH 2C QC 8C 3H Best hand: one-pair
Hand: 4S 5H 2D JC 5S Deck: 6H 8D 4S 7H JD Best hand: straight
Hand: 3C 2D 2D QC JH Deck: TC 2H QH KH KS Best hand: three-of-a-kind
Hand: 2H JS 3D 2C JH Deck: TH 6H JD 3C 4C Best hand: three-of-a-kind
Hand: 7D 9S 2S QS 3C Deck: 6D KS 7S AC 7C Best hand: one-pair
Hand: 3C 7D TC 5D 9C Deck: 2D TC AC 9C 4C Best hand: one-pair
Hand: TC 4H 7S TC 9S Deck: AD 2S JC 7S JS Best hand: one-pair
Hand: 6C 7S QD TD AS Deck: 8S AC 8C KH 4H Best hand: two-pair
Hand: 7S JH 2D AD 2C Deck: 6C 2S 4C QD 3S Best hand: three-of-a-kind
Hand: 4H 8D 3S KH KH Deck: 6H 4H 8D KC QS Best hand: flush
Hand: 4H 7C 8H 8H QS Deck: 3C 5C 3C 7C 9C Best hand: flush
Hand: TC 2S 5H JD 8H Deck: 8S QH 6S 5C 9S Best hand: one-pair
Hand: 6C 3H 2H QC 8C Deck: AD QC QC KD QS Best hand: three-of-a-kind
Hand: 3H 3C AD TD 7C Deck: 9S 6S TD 3S QD Best hand: one-pair
Hand: 7C 3S 7C 4S 4H Deck: QH KS KC 7S 3H Best hand: two-pair
Hand: 5D 5C 2S 9C 6C Deck: 5H QS JS 3S 6S Best hand: three-of-a-kind
Hand: KH 3S 5C 7S JS Deck: 8D KC TC AS KD Best hand: one-pair
Hand: 2S JC 5D TS TC Deck: 4S 2C KD 3D 8D Best hand: two-pair
Hand: 3S 8D 9H KC 3S Deck: 5C 7S 8D JC 8C Best hand: one-pair
Hand: KC TH 5C AD AH Deck: AH 9C TS 7S 6C Best hand: three-of-a-kind
Hand: 3C 9D 5S AS 3H Deck: 6C 5D 4C AH 3C Best hand: two-pair
Hand: 2D 8C JH JH 2D Deck: 3H 3H 7D TH 8S Best hand: two-pair
Hand: 9D KC 5D 4D 7H Deck: 6D 2D 6D 5D 2S Best hand: flush
Hand: JS 4H TH 4S JD Deck: KC 9S JH 3C 6C Best hand: three-of-a-kind
Hand: 6D 6H JS 9C 3D Deck: QS 9D 4S JH JS Best hand: two-pair
Hand: AH TS 8D AH 9C Deck: 9C 4S KS 4D 5C Best hand: two-pair
Hand: 2D 9H 8D 7C 4H Deck: JC 4D 8H QC KS Best hand: two-pair
Hand: 2H AD AC QS 4H Deck: 3S 5H 4S 5H QD Best hand: straight
Hand: TC JC 6S 6D 3D Deck: TH AH 3H AH TC Best hand: two-pair
Hand: 3H 5D 9D 3S 6C Deck: JS 7D 5C 2C TS Best hand: one-pair
Hand: 9C KC QH 4H 3D Deck: AS 8S JH 9D 7S Best hand: one-pair
Hand: KC AC JC 3S KC Deck: TS 6C 8S JH 4D Best hand: one-pair
Hand: 3H 7C 9C 3H QD Deck: 5S KH 7H 5S 7H Best hand: two-pair
Hand: QS QS 6D 3H 2C Deck: AC 7H 7H 5S 7H Best hand: three-of-a-kind
Hand: TS 7H 2D 4C 8S Deck: 2H AC 8D JC JD Best hand: two-pair
Hand: 4C 2D 9S 2C 5S Deck: TD TD 9C TS JS Best hand: full-house
Hand: KS QD 4S 8C AS Deck: 7H QH JS AC 4S Best hand: one-pair
Hand: 4C 8H 2S TH AS Deck: 7S 4D 9C JS 4D Best hand: one-pair
Hand: 8D 4H 5D 5H TH Deck: QD 2C 2S TS 4H Best hand: two-pair
Hand: KH 6S 6S KD 5C Deck: 6C 5S 6D 5H 6S Best hand: four-of-a-kind
Hand: JS TC 2D JD 3S Deck: 8D 2H 3H 6H TH Best hand: two-pair
Hand: 4D 7C TC 5D AC Deck: 7H AC 3C TC 4D Best hand: two-pair
Hand: KH QC 8C 7H 6H Deck: TS 2H 2D 3C QH Best hand: one-pair
Hand: 7D 3D 3H TS 3C Deck: 3D TC JH 2S KC Best hand: four-of-a-kind
Hand: 6D 8D 7D 5D 6C Deck: 9D AC 6C 7S 8D Best hand: straight-flush
Hand: 3C JD 6C AD 9H Deck: TD 9H 3H 4D JS Best hand: two-pair
Hand: 6D 7H AC 6H JH Deck: 7H 4C 8S AH 3S Best hand: two-pair
Hand: KH 4H 3C 3C 9H Deck: JD KD 3C JC TD Best hand: three-of-a-kind
Hand: 7C 6C QC 6C QC Deck: JH AD 4S 3C JH Best hand: flush
Hand: 7H 3C AH 9D KH Deck: 9D 8C 6H JD 5C Best hand: one-pair
Hand: JC AH QS 2S 2H Deck: JS 9C 5S 5C KD Best hand: two-pair
Hand: 4D 7D JD 5C AC Deck: JD 3H 8C 6D 4S Best hand: one-pair
Hand: 5C KS 7D QC KH Deck: 5S 7D 6C 9D 2C Best hand: two-pair
Hand: TD 5H 6S 9H KH Deck: 8H 6S QH 9S 8H Best hand: one-pair
Hand: 9H TC AS 3S 4D Deck: 4D 7D TC 9C TH Best hand: two-pair
Hand: AS JC 9C QD AH Deck: 2S KH 6H 5S 6S Best hand: one-pair
Hand: 7C QH 7S 4C 4H Deck: AS 7H 9S QC 5D Best hand: three-of-a-kind
Hand: TS TS 4D 7S 4S Deck: 3S 5H 3H AD 8C Best hand: flush
Hand: KD 2H 7S 2D 4H Deck: 8C 9S 8S 2C 7H Best hand: two-pair
Hand: 2S KS 8H AH 9D Deck: 3C 7S QH TC TC Best hand: one-pair
Hand: AH JC 7D 6D KH Deck: 9C AH 3S 6C 6H Best hand: one-pair
Hand: KC 9D JC 4D JC Deck: QS 6S 3S JD 2H Best hand: one-pair
Hand: AC QD TH QD 5D Deck: AS 3C 3D 2D TC Best hand: two-pair
Hand: JC AD 5C AC 3D Deck: JH 8C 4D 2C 7H Best hand: two-pair
Hand: KC 4C QD JH 9S Deck: 9H 9C 9C 7D AD Best hand: four-of-a-kind
Hand: AC AC 6D QH 2S Deck: KH 7D AH 2H 9D Best hand: three-of-a-kind
Hand: 2C 4C 7C 4S 5C Deck: 5C TS 7S KS 3C Best hand: flush
Hand: JH 5H QS 8S 4D Deck: 8D 6H 5D QC 3C Best hand: two-pair
Hand: 3H 4C JC 7D QD Deck: TS 8D 9S JD 9H Best hand: straight
Hand: 8C 4H 7D 7H 9S Deck: KC 3S 7D 2S 2D Best hand: three-of-a-kind
Hand: KH 4D 7D KH AC Deck: 7C 5S 5S 7C KD Best hand: full-house
Hand: QC 8D 7C 8C 6C Deck: 3C TD 6S 5H 4C Best hand: flush
Hand: JC TH 4H 5H 5H Deck: 5D 7H TH TH 2C Best hand: three-of-a-kind
Hand: QS 3H AH KS 2H Deck: 5C 2S QD 6S 7C Best hand: two-pair
Hand: 5S 9S 5D 2H AS Deck: 8D KS 4H 3S 2D Best hand: one-pair
Hand: 3D 2C TS AC 3D Deck: 4D JS 7C 6C 6C Best hand: one-pair
Hand: KD 5C 3S 5H 6C Deck: 6D JH KD 9S 9H Best hand: two-pair
Hand: 6C KC 9H 9S 5D Deck: TH 8S 9H 3S 7D Best hand: three-of-a-kind
Hand: AS 7D 6C JC 4D Deck: AD 7S 4C AC 8H Best hand: three-of-a-kind
Hand: KS 6H 7S 2D 6C Deck: 4C 3D AC KH 5C Best hand: one-pair
Hand: 3D 6H QC JH TS Deck: 7D 7S QD AS 8H Best hand: two-pair
Hand: QC KS KH 6H KC Deck: AS 9H 4S 8S 6C Best hand: three-of-a-kind
Hand: 8C 3S 4H 5D TD Deck: KS KD 6H 4D 9H Best hand: two-pair
Hand: KS KH KH 5D 5D Deck: TC 6S 8H 9D QD Best hand: full-house
Hand: 2H 6D 9H 2S QH Deck: 7C KC TD JH QD Best hand: one-pair
Hand: 7S 6D 2S 2D 3C Deck: AD 2S 6H 6S AC Best hand: three-of-a-kind
Hand: KC QS 5H JC TS Deck: KD JS QH 5H JH Best hand: two-pair
Hand: AD 7C 7C JD AS Deck: JS QH 4C AC 6S Best hand: two-pair
Hand: AS 6D AC AC KS Deck: 2S 5C 6D QD 2H Best hand: three-of-a-kind
Hand: 8D JH JC AD 4H Deck: 9C KD 3H 3S KH Best hand: two-pair
Hand: 9C 6S 9D 7H AC Deck: 3D QH 8C AC 3D Best hand: one-pair
Hand: AC KD QC 8C JC Deck: KC 8D 2H 6H QH Best hand: flush
Hand: 8C QC 2C JD AH Deck: JD QC 5H 7C QS Best hand: two-pair
Hand: 3H AS 2H AC 6D Deck: 7H AH JD 7H 5H Best hand: three-of-a-kind
Hand: AD JD 8C QH 5D Deck: 4S 3D JH 5H AS Best hand: one-pair
Hand: 7S 4S QS KC 3C Deck: 3D 8C 4H KS 4S Best hand: two-pair
Hand: 7S 5D QD JC AS Deck: TC 8S 6H AH 2S Best hand: one-pair
Hand: KC 6C AH 4S JD Deck: 7S 3D TC 7S QS Best hand: one-pair
Hand: 8H 3H 8S AS 5H Deck: QS 6C QS 3H KH Best hand: two-pair
Hand: 9C 7C AC 7S QH Deck: 4S 4D 6D 7H 3S Best hand: two-pair
Hand: 3H 5C 5S 8D JS Deck: 4S 5S JS 2D 5D Best hand: flush
Hand: 6S JD QD JS 6C Deck: 4H 8C JS KH 8C Best hand: three-of-a-kind
Hand: 5D 3C 3H JC AS Deck: 9S 9H 7S 6H 6D Best hand: two-pair
Hand: 2D 8C KC JC 4S Deck: 5D 6H JC JS 9H Best hand: three-of-a-kind
Hand: 7D AC JD QD 9D Deck: 5S 5D 9C JS 7S Best hand: two-pair
Hand: KS 8C 5D 4S 4C Deck: TS KS KS 2S AH Best hand: flush
Hand: 7S 7H 7H 8H TH Deck: 2D 2D 8C 4H 4C Best hand: full-house
Hand: 8C AD JC 6D KD Deck: JC JH 3H 6H 5H Best hand: three-of-a-kind
Hand: 2C JH 2H QC TC Deck: QS TS 5D 8C 9D Best hand: two-pair
Hand: TC 4D 9C 8S 4C Deck: JH 3D 9C AD 8C Best hand: one-pair
Hand: 5D 6H AH 7S 8H Deck: 2S 7H 7C AH AS Best hand: three-of-a-kind
Hand: AH KH 9D AH 6D Deck: TH 4S JC 8D 5D Best hand: one-pair
Hand: TS TS 8C 4H 8D Deck: 8H 8S 3H 3H TC Best hand: four-of-a-kind
Hand: JH 7D QH AD 4D Deck: 4C AD TH 6D 3H Best hand: two-pair
Hand: QS 4S 5S 7H JD Deck: 4S 7C 4C 4S TS Best hand: four-of-a-kind
Hand: 3S 4D JC 6D 2C Deck: 7H 9C TC TS 2C Best hand: one-pair
Hand: 8D JD 2C TS 4S Deck: 9C TH 4D AC 2H Best hand: two-pair
Hand: TS 9H 2S 8S TC Deck: 6D TS AD 8D TD Best hand: three-of-a-kind
Hand: 9S KD QC 7H 3C Deck: AC 2S 6D KD 5H Best hand: one-pair
Hand: 8S 4S 3D 6C QH Deck: QS 8H 5D 8H JH Best hand: three-of-a-kind
Hand: TC 4H 3D 2D 9H Deck: JD 7H 8S AH 7C Best hand: straight
Hand: 9D 6D 5H 5S 9H Deck: JH QS JH QS 9C Best hand: two-pair
Hand: JC 8D 9D 7D 8D Deck: JC QD 8H KC 7D Best hand: three-of-a-kind
Hand: TH JC 5D JD KH Deck: 6H TC JD JC KS Best hand: three-of-a-kind
Hand: 7D 6H QC AD JD Deck: AC 3S 8H 9D 2D Best hand: one-pair
Hand: KH TS 3H KD 8C Deck: QH AC JC 5D 7H Best hand: straight
Hand: KH QS 5S 2S 2D Deck: JH KS TH 7C 3S Best hand: two-pair
Hand: JH 4C TC 7H 5H Deck: 2H QC 3D AC AH Best hand: one-pair
Hand: 6H 4D 6D 2H 8C Deck: QC 2S 3C 2S AH Best hand: three-of-a-kind
Hand: 6H KD 8H 3D 7S Deck: 2C KD QH KD AC Best hand: three-of-a-kind
Hand: 6D 8D AS 2C 3S Deck: AS 9C 7D KH KS Best hand: one-pair
Hand: TH 6H 8C 3H 6D Deck: TS 7D 8S JH 5D Best hand: two-pair
Hand: 4S 8H 2H 7H QS Deck: KC 2D KH 9S 6S Best hand: two-pair
Hand: 4C 3C 5H 2C 2S Deck: 3S 2H 5S 9S JH Best hand: full-house
Hand: KH 7C 4S 9C 7S Deck: TD 7C KC TH AD Best hand: three-of-a-kind
Hand: QC 2H 3H JS 2H Deck: 9D KH JC TH JH Best hand: straight
Hand: 6S 2C 9D 3D 5S Deck: AD QC TC JD 3C Best hand: highest card
Hand: KD 5D 4H 2H 3D Deck: QD 2H AH 6H 8C Best hand: one-pair
Hand: AS 8S 4S 3S QC Deck: 2S JD JC JH KS Best hand: flush
Hand: 4H 5H 5H AS 6D Deck: 3C 5D 8H 6D KD Best hand: three-of-a-kind
Hand: AH 9S 2S 8H 5S Deck: 7D AS 9H 3C AH Best hand: two-pair
Hand: 7D JC QC TS QD Deck: 5H KH 6H AD KC Best hand: one-pair
Hand: 5D 3C AS QH QS Deck: 8H 8S 6C 9S 8D Best hand: three-of-a-kind
Hand: QH QS 3S AC AS Deck: TC AD TH 2D 8S Best hand: full-house
Hand: 2D TD 7D AH 6D Deck: AD 4C JH 3S 2S Best hand: flush
Hand: AC 4C 8S 9S QH Deck: TH 6H QH 7S 2H Best hand: one-pair
Hand: 3C 5D 3H 4S 5S Deck: 2C 5H 5S JC QS Best hand: four-of-a-kind
Hand: 4H TC 2S 6C JD Deck: 5H QC 3D 7C TH Best hand: highest card
Hand: 2S TD 3S 9C QD Deck: 9D 4D 9S 6S KD Best hand: three-of-a-kind
Hand: AD QD 5C 2D 5C Deck: 2D 5D KH KC KS Best hand: full-house
Hand: 4C 9C JH 9D 3S Deck: AC 2H TS 3D TH Best hand: one-pair
Hand: TH 5C 6H 9C JH Deck: 6H 6H AH 8H 2S Best hand: flush
Hand: JC QC 5C 3C 7S Deck: 5H 3D QC KC 8S Best hand: two-pair
Hand: 9D 5H 8H 8S 5D Deck: 3D QS 6H TD 6H Best hand: two-pair
Hand: 8S 2C 5C QS 2S Deck: QH 4S 5C 3H KH Best hand: two-pair
Hand: QS 2C QD QD 4D Deck: AC 7C AH 7S 5C Best hand: three-of-a-kind
Hand: QH 2H 5H 3D 2D Deck: 2C AC AD 2C 5S Best hand: full-house
Hand: 6S 8H 3D AC 8H Deck: 6H 7S TC JD AS Best hand: two-pair
Hand: KH 7H 6C 3H 9C Deck: 6H JC 6H 3D 7S Best hand: three-of-a-kind
Hand: 8S 5S 7H KH KH Deck: JD 2C 9D 3C 2C Best hand: one-pair
Hand: KH 7S 2D QD TD Deck: 4C 7D 9H 9D 2D Best hand: two-pair
Hand: QD 3S 7D 9S 6H Deck: 4D 2C 8S 9C 9C Best hand: one-pair
Hand: 7C 4D QH 8D 6H Deck: 2H 9S JS 7C KC Best hand: one-pair
Hand: 3D 2H 4C 2H 5H Deck: JH AS 2C 9C 8D Best hand: three-of-a-kind
Hand: JC 6C QD 4C TH Deck: 2D QC 7H KH 8H Best hand: one-pair
Hand: 9D 4D JC 6D TS Deck: KC 6D JS 6H 7H Best hand: three-of-a-kind
Hand: QC 6C QD 5H 4D Deck: 2S 9H 7S 9H KS Best hand: one-pair
Hand: 4H KD 9C 5D AD Deck: 3S KD JD 9H 3S Best hand: one-pair
Hand: 7D KC JS 2S KH Deck: 9C 2C 5S 5D 5D Best hand: three-of-a-kind
Hand: KS 6C 7D TD 5D Deck: AC 4C TH 4C 4C Best hand: three-of-a-kind
Hand: 6C JS 4D QS KD Deck: 2H 5C 2H QS 4D Best hand: two-pair
Hand: JS 4H 9S 2D AD Deck: 5D 3S 9C 2D KH Best hand: straight
Hand: 2C 2H QH 8H KD Deck: JC 7S 8H 6C 7S Best hand: one-pair
Hand: TH 2S KS AS 3D Deck: 2D 9C AC TC 5C Best hand: two-pair
Hand: JC 6C 8C 3D QS Deck: 3C 9C 7H 7H TS Best hand: flush
Hand: JH 8D 8D TH 8S Deck: 9D 9D 6S TD 5C Best hand: full-house
Hand: JS 8D KC 2C 5C Deck: 6S QH 6H 9D 6H Best hand: three-of-a-kind
Hand: QS 2S 4H 6H 3S Deck: 7D JC 6D 6S 8D Best hand: three-of-a-kind
Hand: JH 8C 8H 5H 9S Deck: 5C 9S TD KH 2C Best hand: two-pair
Hand: 7H 2S 7C KH 2D Deck: AS 7H 3C 7S QD Best hand: three-of-a-kind
Hand: 4C KC TC JC 4H Deck: 3D JH AS 2C KD Best hand: two-pair
Hand: TD 7H 3D KD 5H Deck: TS JH 7H 9H 5S Best hand: two-pair
Hand: 6D 7S 8S JH 5D Deck: TH KH 6D AH 9D Best hand: one-pair
Hand: 3S 8H 5S TC 7S Deck: 3H 4D QS KD KH Best hand: one-pair
Hand: 7S 6H KS JD TH Deck: 9D QH 5S TD 2C Best hand: straight
Hand: 6C 9D 4D TH 7D Deck: QH 2D 8H 3D 9S Best hand: highest card
Hand: 9C 6D JD 3D 2D Deck: 4C JS 7D TH 3H Best hand: one-pair
Hand: 7D 4C 5D AD 8D Deck: 3D 6D 9S AH 5S Best hand: flush
Hand: 9C TC 5D 9D 5S Deck: 9D TD QS 3C QC Best hand: full-house
Hand: 6D AD 6C TC AH Deck: AC AC 7S 3D KH Best hand: four-of-a-kind
Hand: JD 9H 6S QC AC Deck: 8H 5H 4D 6C JS Best hand: one-pair
Hand: 5C QC QH 7C 8H Deck: 2H 8C 6H TH AH Best hand: two-pair
Hand: QC QD 6D QH JS Deck: QS 5C KC TS 8D Best hand: four-of-a-kind
Hand: TS 5H KD 2H 2S Deck: 2C 6C AS 9C 7C Best hand: three-of-a-kind
Hand: 8S TD 7H AH 9D Deck: TD 2C 7D 8S 9C Best hand: two-pair
Hand: 6C 5H 3H 8S JS Deck: 8D 6C JD 6C JD Best hand: three-of-a-kind
Hand: 6D 4H 6C AS 7C Deck: 5S 9H 2S 9H 3H Best hand: one-pair
Hand: JS TC AD 3C TH Deck: 8D 5C QC TS 7D Best hand: one-pair
Hand: AS 3C 2H 5C JD Deck: QS KH 5S 6S KD Best hand: one-pair
Hand: TC 5H 7H 5C 5H Deck: 2S 5H 8D 3C TD Best hand: four-of-a-kind
Hand: QC QH TC TD JH Deck: TD KC 6H 4H 6D Best hand: full-house
Hand: 8C 5S TD KC 6H Deck: 2D 3H 4D 2C 8H Best hand: straight
Hand: 7D 2H TS 5C 2S Deck: 9H QS 3D 8C 7C Best hand: one-pair
Hand: 2C KH 3D 3D QC Deck: 8C TC 3S QD 8H Best hand: three-of-a-kind
Hand: 3H TH AS 3S KD Deck: 4S 6C JH JD TH Best hand: one-pair
Hand: KC KC QC KC QS Deck: QC AD 3S 5S QC Best hand: full-house
Hand: 4C 8H 2D 3S AD Deck: 4H 4S TS TH 9S Best hand: full-house
Hand: JS 9H 9H QH KD Deck: 3D 9C 7S 9S AC Best hand: three-of-a-kind
Hand: 7H 9C 3H 3H KH Deck: JC QS 9C 7H 5C Best hand: one-pair
Hand: 6D TS JS 7H AS Deck: 2D QC 7D 2D AH Best hand: two-pair
Hand: 3C QD JS 7C JD Deck: 6D 3S 5C 7H JD Best hand: two-pair
Hand: 4C JC 6D 8C KD Deck: KH 4C 6S 5D JD Best hand: two-pair
Hand: QS 2D 7S 5D 4C Deck: JC AC 7H QD QS Best hand: one-pair
Hand: 5H KH 2D 6D QH Deck: 9C 6H 5H QS TH Best hand: two-pair
Hand: 8D 6S KH TC 7H Deck: 5D 6D TS 9D 8C Best hand: two-pair
Hand: 6H 5D 5D JH TD Deck: 3D 3C 4S QH 5S Best hand: two-pair
Hand: 7D TD TC QD 7D Deck: AC AS TD KC JC Best hand: full-house
Hand: AH JC 6D 2C 6H Deck: 6D 7S 3D 4H 8D Best hand: three-of-a-kind
Hand: AH TD JC QS 5S Deck: 5D 3H QC 2C 3H Best hand: two-pair
Hand: TD 9C 8S 3H 9C Deck: 9H 5C QD 8H 6C Best hand: three-of-a-kind
Hand: QS JH AC KD 5D Deck: 2D JH JH 7C 5S Best hand: three-of-a-kind
Hand: 6D 6S 9H QD 6D Deck: TC JS QH 6H 9C Best hand: three-of-a-kind
Hand: 4S 7S TH 7C TC Deck: JH 7H QH KS 6H Best hand: three-of-a-kind
Hand: JC AC 3H 9S 3H Deck: 6H 7H AC JD 2C Best hand: one-pair
Hand: TC JS 9H 5H 9C Deck: JC 5C 8S 8S 7S Best hand: two-pair
Hand: TH TD 2C TH QD Deck: 7H JH 9D 9C JC Best hand: three-of-a-kind
Hand: 2C JH 7C 9S 9D Deck: 9C 4D 8H 7S 8H Best hand: three-of-a-kind
Hand: KH 9H 5S QD 3D Deck: JH KH 9S 2H KS Best hand: two-pair
Hand: 6H QH JD 2S KS Deck: AC 8H 7C 6D 8D Best hand: one-pair
Hand: 6S TS AC 4S TH Deck: TD 8S AD 4S 6S Best hand: three-of-a-kind
Hand: 3D KD 7C 3C 5D Deck: 6H 3C 2S KS 3C Best hand: three-of-a-kind
Hand: 5S 7C KD QS JC Deck: 7S 5H 3S 5S 7D Best hand: three-of-a-kind
Hand: 7C JH 8C 6D 2C Deck: 8H 5S JH JD 9S Best hand: three-of-a-kind
Hand: 9H 7C 5C 8D QD Deck: 6D 5S 3S TH 9S Best hand: straight
Hand: 9D KD QD 6S 8C Deck: QH 2C KH 7H 8H Best hand: two-pair
Hand: 6C QH KH 6C 8C Deck: TC TS 4H 5S 2C Best hand: two-pair
Hand: 4H 6D 5D KH 2H Deck: 9S AS TD 8S 5C Best hand: highest card
Hand: 2C 5D 4D 3C AD Deck: QH AH 3S 9D 7D Best hand: straight
Hand: 7S AH JS 8S 3C Deck: 5C AD 3C 2H 6H Best hand: two-pair
Hand: 8D AC 8S AH KC Deck: 9C 9C KC AH 3S Best hand: flush
Hand: AS KH 5H 5S 8S Deck: 2C 2C 2D JH 8S Best hand: full-house
Hand: 4H 9D QC 9D QH Deck: JD 2C QS TC 3S Best hand: three-of-a-kind
Hand: 6H 4S 9C TC 6H Deck: TH 2S KD 5D 9H Best hand: two-pair
Hand: 3H JD QD 4C 3S Deck: QH 4D JD 3C 3C Best hand: two-pair
Hand: TD QD KD TS 9C Deck: 7S TC 8D AC JS Best hand: three-of-a-kind
Hand: 8H 7D 2C JC AH Deck: QC 5D 7H 2H 5H Best hand: one-pair
Hand: 7C 9C 5H JD QD Deck: JH 9D TC 5C KD Best hand: two-pair
Hand: 3C AH 2H QC QC Deck: AS QD 6C AS 3H Best hand: full-house
Hand: AD 5D TS AC 4C Deck: QH JH 4D KS 8C Best hand: one-pair
Hand: 4C JC 5H JH KH Deck: 2D KH 7C 4D 7C Best hand: two-pair
Hand: 6C 4H QC TC 4D Deck: QD QS AD 8S 5H Best hand: full-house
Hand: AH 5D TS 2D 3H Deck: KH 3S 8H 6S 3C Best hand: one-pair
Hand: 7S 4D 2D 3S QD Deck: AC QS KC TC 6H Best hand: one-pair
Hand: 5S TH 4C KH 9H Deck: 4D QC 7H 3H KH Best hand: one-pair
Hand: 5S 7H 8S KD AS Deck: 6H 5S 8H QC QC Best hand: two-pair
Hand: TH 5S 8S 3H 8D Deck: 3S JS 5S KH 6H Best hand: flush
Hand: 6S AD 8S KS QC Deck: KS 3D 3D 5D 4H Best hand: two-pair
Hand: TD JD AC 6H AS Deck: 2D QD QD 9H 8S Best hand: flush
Hand: 4C AS QS 7C 6D Deck: 5S 8D 5S AS 6H Best hand: straight
Hand: 7C 4S KS 5C 5S Deck: 2S 3H TS 3D AD Best hand: one-pair
Hand: 7S 5H 6H 3D 8C Deck: QH 8D JD 2H 2C Best hand: one-pair
Hand: TH KH 8H TC QC Deck: 5S 8S TH AD 4D Best hand: three-of-a-kind
Hand: 4S 3C JD JC TS Deck: AC 4S AC JS AC Best hand: three-of-a-kind
Hand: QS 3H 8S 3H 7D Deck: 6D AD 8C 8S 2C Best hand: three-of-a-kind
Hand: 5D 3D KD 8S 3C Deck: 4H 6S 6D QD JC Best hand: two-pair
Hand: 5H 2H 4H TS QH Deck: 6S 5H 3D 3D 2C Best hand: straight
Hand: 4C KC 4H QD 3D Deck: 8D QH 6C 9C 3H Best hand: two-pair
Hand: QH AC KH 9H 6D Deck: 4C 6H TH 5C 3C Best hand: one-pair
Hand: QD 7C 6H AH 4C Deck: TS 5C 7S JC 8C Best hand: one-pair
Hand: 6H 4H 3H KD 3C Deck: JH JC 6S 8C TC Best hand: two-pair
Hand: 9H TS 6C 3D TD Deck: 7D 2H QC 5C 5H Best hand: one-pair
Hand: 7H 4S 7H JD 2H Deck: 4C 8C 4D 5D 8C Best hand: three-of-a-kind
Hand: KD QS QS 7S 2C Deck: 8S AD 8S 9H TC Best hand: two-pair
Hand: TD 9S 2C QS 2S Deck: 2H JC 4D KS JS Best hand: three-of-a-kind
Hand: 6C 9D 5C QH 5H Deck: 5C 8D 5H AC 3S Best hand: four-of-a-kind
Hand: QC 4C 8H 4S 2S Deck: 2S 3D JS 3S 6H Best hand: two-pair
Hand: KD 6D 2H QS 9C Deck: 3C QS 4H 9D TS Best hand: one-pair
Hand: QD 2S AH 7D KH Deck: 6S 2S 8D 3C 4D Best hand: one-pair
Hand: 4C KD 7D AS TC Deck: 5C TD AD 9H 9D Best hand: two-pair
Hand: KH 4C 4D JS JS Deck: QD 4H JD 4D 3D Best hand: three-of-a-kind
Hand: 5S 5H QH 5S TH Deck: 2S 8D 2S AD 7H Best hand: three-of-a-kind
Hand: 2D 5H TD 7D 6H Deck: 8D QD QH 3D JS Best hand: flush
Hand: 9D 9C 5C AH 3C Deck: 7C KS AD AC 8C Best hand: three-of-a-kind
Hand: 2S 4D 5H QD QS Deck: 9C 8D 6D 2C 8H Best hand: one-pair
Hand: 3S KS 2D 9D 3D Deck: 9H QD TS KS 5H Best hand: two-pair
Hand: 9S 8D 2D 3S JD Deck: 8H 3C 5C JC 8H Best hand: two-pair
Hand: AS 8D 4C JD 9C Deck: 8D 8D 8D TH AH Best hand: four-of-a-kind
Hand: 3D 6H QD 5C 2C Deck: 2S 5S 8D 3H 2C Best hand: two-pair
Hand: KC 6C TD 2D 6H Deck: QS 2S KH 4S QH Best hand: two-pair
Hand: 7H QH 3D 9D JS Deck: 8C TD TC 4H 5H Best hand: straight
Hand: 5H AD 5S 9S KD Deck: 5D TS TD TC 2H Best hand: full-house
Hand: TC 8D KD 3S JD Deck: 3H KC QD TD QD Best hand: two-pair
Hand: KC TH JC TS 3C Deck: 3S 2H QD 8H 6D Best hand: two-pair
Hand: 2H 5C 5S 3C JD Deck: 6H TS 5C AC KS Best hand: three-of-a-kind
Hand: 7S 7C TH 9S TS Deck: 7S JH 2S KS TD Best hand: full-house
Hand: 3H TS 3C KD JH Deck: 8H JD 3C 6D KH Best hand: three-of-a-kind
Hand: 7S QD KC TC JS Deck: JS TH 7C 5C 3D Best hand: two-pair
Hand: AS 3C AH QC 4D Deck: TD 4D 6D 8D 4D Best hand: flush
Hand: 5C QD 9C KC TS Deck: 4S AC 7S 3S AC Best hand: one-pair
Hand: 6S AS KC 7S 8H Deck: 8D 8D QH 3C 3C Best hand: three-of-a-kind
Hand: KD KH 2D 3C 3C Deck: 3H 9S JS QC 8H Best hand: full-house
Hand: 6H 5S AS 2S AS Deck: 3H 5H JD 4H TS Best hand: two-pair
Hand: 6C AH TH KS TS Deck: 4H KD JD 3D 4H Best hand: two-pair
Hand: TH TC TH TH QC Deck: 6H 2C 7H 3S 5C Best hand: four-of-a-kind
Hand: JS TC 8D QH AC Deck: 7S AC 7H 8H 8S Best hand: two-pair
Hand: JS AS 9H 7C TD Deck: 7S AS KS 8H 5C Best hand: flush
Hand: 2C TD 6S 4D 5D Deck: JD 2H 8H 4D JC Best hand: one-pair
Hand: 3C 5H 9C 5S 8D Deck: 8H 4D 9S 7H 5C Best hand: two-pair
Hand: JD QD 6C JD 2D Deck: 5C 4D 4H 7C TH Best hand: two-pair
Hand: QD 3H QC KS KH Deck: 5S AD 4C 8H JD Best hand: two-pair
Hand: JS 8D 3C 4S AH Deck: JC KC 6D 9H 4D Best hand: one-pair
Hand: TS 6C 9D 8H 9H Deck: 4D 7H TD TH 3H Best hand: three-of-a-kind
Hand: 8S 9C 8C 6C 8D Deck: AC QD 3D 7H TC Best hand: three-of-a-kind
Hand: 4H TS KC 4H 5C Deck: 3C 7S TS QC 9D Best hand: one-pair
Hand: JD JC 5S 5H JH Deck: 3H 2C QD KS 2H Best hand: full-house
Hand: 4S KH JD 7D 3S Deck: 3C 2H 6D 2S 7S Best hand: two-pair
Hand: 3D 9S 9S 3H 3H Deck: 4D QS 8D 9H 8D Best hand: full-house
Hand: 2D 3C KS 6S 7H Deck: KD 8H 6C 2C 2H Best hand: two-pair
Hand: 3H TH 7D 6S KH Deck: JH 8D QC AC 9C Best hand: highest card
Hand: 6H 7C 3D TD 3D Deck: 8C AC 9S 7H 5H Best hand: one-pair
Hand: 9S 7H 5D AS TS Deck: 5D 6S QS 7C JS Best hand: one-pair
Hand: 8C 5C 5S 9D QC Deck: 3H TH QS 6S TD Best hand: one-pair
Hand: 7D 3C KD 8S 9C Deck: 7H 2C 9C 9H 6S Best hand: three-of-a-kind
Hand: 2H KD 7D 6D 4D Deck: 4S KH 9C 5D QH Best hand: two-pair
Hand: 6D 8H QH TC KS Deck: 9S 9S TH 9C KH Best hand: full-house
Hand: 9S 6D KC KH AD Deck: 7H KD AD 7H QH Best hand: three-of-a-kind
Hand: 4H JH 9S 7D 7D Deck: 8D 9S TC TS 2H Best hand: straight
Hand: QS 7S 2D AD 9H Deck: 4S KD 6D 6S TS Best hand: one-pair
Hand: 9C AS 9H KH JS Deck: 2S 2H 7C 9S TS Best hand: two-pair
Hand: JC 3H 7H QS KS Deck: 9D 7S 8S 9D 4C Best hand: two-pair
Hand: 6D AD 9H AH 6D Deck: 4S 3S 6D 2C AD Best hand: three-of-a-kind
Hand: 6S 4C TD AS 3C Deck: 2S 6D KC 9D 9H Best hand: one-pair
Hand: KD 6C KC 3D AD Deck: KH 7D 7S AH 5H Best hand: full-house
Hand: 5S 2D TS QC TS Deck: JH 8S 6H QD 5C Best hand: one-pair
Hand: QH AC 3C 4S QS Deck: 9H KH 8H AS QD Best hand: one-pair
Hand: 7S 2C 6C 5H TC Deck: 7C 6C 2C AH 7C Best hand: flush
Hand: 2H 2D TS 9H TS Deck: 2C AH 6S 4S 2C Best hand: full-house
Hand: 4C 9D 3C KS 6S Deck: 2S 3C QH 4C 5D Best hand: one-pair
Hand: 8C 2C 7D 5D AD Deck: 6H 7H 2D QH 2C Best hand: two-pair
Hand: 4D 6S QH 2D 6H Deck: 8D 7D KS 8C 9D Best hand: one-pair
Hand: TD QC 8C AC TH Deck: JS QD TH 5H JD Best hand: three-of-a-kind
Hand: 3D 2C AS TS AS Deck: JH 3D 7H 3D 9S Best hand: three-of-a-kind
Hand: AH 9S JH QD 8D Deck: KD AS AH 7D QD Best hand: three-of-a-kind
Hand: 8H JD AH 5S AC Deck: AS 9H 8D 9D 6S Best hand: three-of-a-kind
Hand: 7D 8C QD 5D 9S Deck: QH 9H 4D 8C 4C Best hand: two-pair
Hand: TC 2D 7C KH KS Deck: JH JD JS 3C 5H Best hand: full-house
Hand: 8D KC JS 6D 8S Deck: QS 5H 3H 4S 9S Best hand: one-pair
Hand: 5S 7C 2H 4H JC Deck: 3C TC 3S QC 4H Best hand: one-pair
Hand: AC 9H 2H TS 3S Deck: QH 3D 9S 6S 3H Best hand: two-pair
Hand: 7D 5D 8H 4H QC Deck: TS 8C 9H 3H 2D Best hand: one-pair
Hand: 6H 2C 7H 8S QD Deck: JC 4S 6S 4H 3H Best hand: two-pair
Hand: 8S 4H 3D 2H 9D Deck: 9D JH TH 4D 4C Best hand: one-pair
Hand: 3S QC 8C KH 2S Deck: AS AH 3C TS 5C Best hand: two-pair
Hand: 3C 2H JC QC JH Deck: 7H 6D KS 2C 7H Best hand: one-pair
Hand: QC TC AC 4H KH Deck: AS KD 5C 6H 4H Best hand: two-pair
Hand: TC 6C QC 5C 9D Deck: QD TH QC QS 8D Best hand: four-of-a-kind
Hand: 4H TS 9S JC 4C Deck: QD 5S 7S 5H 2S Best hand: one-pair
Hand: 2S QS 8H 9D KH Deck: 6D 7D AD QH TS Best hand: one-pair
Hand: QD 6D 9H QC 4H Deck: TH AH 7S 3D 7D Best hand: one-pair
Hand: QH 8D TD 3C 7C Deck: QC 5C QC 2C 5S Best hand: flush
Hand: 2D 5H AD 8S 7C Deck: JS 8D 4S 6S 8S Best hand: one-pair
Hand: 3C 5S KC TC AH Deck: TC 4C 6H 4H TH Best hand: flush
Hand: 8S 6S KS 7S 3C Deck: 4C 5H 7C AS 8S Best hand: straight
Hand: QH QC 4C TD 8D Deck: 6S JS QS 2S 4C Best hand: three-of-a-kind
Hand: JD TS QC 6H QS Deck: QD 3S 6H 2C TD Best hand: three-of-a-kind
Hand: 4S QD 3C 5D 7C Deck: 4S QD AD 9H JD Best hand: two-pair
Hand: 2C 3S 3S QC 5D Deck: 8C 9H 2D 2H 9D Best hand: three-of-a-kind
Hand: 5D 5D 7C KD AH Deck: 8S 8S 7C JC 5C Best hand: two-pair
Hand: 9D 7D 7C TC 3C Deck: 5H 9C 7H AD 3H Best hand: three-of-a-kind
Hand: 4S 5D TD 2D 6S Deck: 2C TH QS JC 7H Best hand: two-pair
Hand: KD 5D 4S 2S QH Deck: AC 9H KD 8C QC Best hand: one-pair
Hand: 2H 7D 9C 6S 7C Deck: 2H QD KH TC 3D Best hand: two-pair
Hand: 2D 2C 7H TH TD Deck: 6C 6S 3C 3S 6C Best hand: full-house
Hand: TH JH 9C 7S 4C Deck: 2C 7C 5H 2S 6C Best hand: two-pair
Hand: AH TS QS KC TH Deck: 4S QD TH 9D KD Best hand: three-of-a-kind
Hand: TC QH KS 5S 9D Deck: 7C KC 4S 5S 2H Best hand: one-pair
Hand: 7H 6S JC KH 7C Deck: 3H TC 9H 8S 4C Best hand: one-pair
Hand: JS TS 6H 8S TH Deck: AS JH 5D JH 9C Best hand: three-of-a-kind
Hand: 9D 5C 2D KD 4S Deck: 5C 8D KS 8S 7H Best hand: two-pair
Hand: 5C 5H 5H JS 4S Deck: 6D TD 4C TH JS Best hand: three-of-a-kind
Hand: 5H 2S 8D 8H JH Deck: KC 5S AC 7H 9H Best hand: two-pair
Hand: 7D 9H 4S 4S 4D Deck: 7S JD 9H 2D 3C Best hand: full-house
Hand: 9S 4S 5S JC 7C Deck: 2H 3C AC TS KS Best hand: straight
Hand: 2H 7H TH TC TH Deck: 4S 3D 3S 6S TD Best hand: three-of-a-kind
Hand: 4D 5C 4C 3D 9D Deck: 8D TH 3S AH QH Best hand: one-pair
Hand: KH 9C 8H 9D 3C Deck: AH TD 5S 5D 3C Best hand: one-pair
Hand: 6S 8S QD JD JH Deck: JH 7S JC 6D 8H Best hand: four-of-a-kind
Hand: 3C 8C 2D JD JS Deck: QC QS 7H JH JS Best hand: two-pair
Hand: 9S 5S 7D TD 2D Deck: 5C KD 6D 9S 6C Best hand: one-pair
Hand: 6H 8C 7C JH 7D Deck: 7C 8C 9C 7S KC Best hand: full-house
Hand: 6D 7C 4H JH 4D Deck: KD TH JH JS 3S Best hand: three-of-a-kind
Hand: 2S 7S JD KC 8H Deck: KS JS 8D 9H 3D Best hand: two-pair
Hand: AH 2D KS 4H 9D Deck: QH KH 6C 5C TS Best hand: one-pair
Hand: 9H 9D JS 5C QH Deck: 6C 2C 2H 4D JS Best hand: two-pair
Hand: TC JC JC 4S 3S Deck: AC 6D 8H TH 9S Best hand: one-pair
Hand: 2C AD JC 7H 8S Deck: 3H 5C JC 9C TD Best hand: one-pair
Hand: 2H KD JH 2S TH Deck: AD 8D 3D 4C 4S Best hand: one-pair
Hand: JH JH 9D 8D JC Deck: 6H TH 8D 4D 9C Best hand: three-of-a-kind
Hand: 3C KD 3C 8D QH Deck: KS 2S AS 2S 6H Best hand: two-pair
Hand: KC 7C 7S 3D QS Deck: KC 4H 5H 9S 8C Best hand: two-pair
Hand: 8S AC 8C 8H 2S Deck: 3C QH JS QH 5C Best hand: three-of-a-kind
Hand: KD 5H 8H 9H JC Deck: AD AS 2D 4S AS Best hand: three-of-a-kind
Hand: 3S 6C 6D QC 9H Deck: 7S AC 2C QD 7H Best hand: one-pair
Hand: 3C 7D 2S TC AS Deck: 3D TC 7C TC 6H Best hand: three-of-a-kind
Hand: TC JS 4S 8D KH Deck: TC 5D AS 8C 8H Best hand: one-pair
Hand: 6H 3S 7D 2C 8C Deck: 2H 3D QD 4S 2D Best hand: two-pair
Hand: 3C 7S 8S QH AD Deck: AS 9H 3S 3S 4S Best hand: three-of-a-kind
Hand: 9H 4H AH 6H 6C Deck: JH 8H TC KH TH Best hand: flush
Hand: 6S 2H 7S 3S KD Deck: QC 6D 6H TS KH Best hand: three-of-a-kind
Hand: QH 7S 7C QS 9D Deck: QC 3H 4H TS 3S Best hand: full-house
Hand: 5S KD 6D QC 6H Deck: JC 7D 2D 5C 8D Best hand: one-pair
Hand: 5C JH 2H 6C KH Deck: 7S 7D QS KH 4C Best hand: two-pair
Hand: 7H 4H 9S 8D QC Deck: TC 2S 9S 3S 6H Best hand: one-pair
Hand: 3S QS JS 7D 7C Deck: 8C TC AD TC 4H Best hand: one-pair
Hand: 2S 9H 3C 2D 8C Deck: AD 3S 7C TC QD Best hand: two-pair
Hand: QH 2C 2C 8D 5D Deck: 8S 7S 8H AC TC Best hand: three-of-a-kind
Hand: 7D 6C KD AC 2D Deck: AS QD QH 2S 7D Best hand: two-pair
Hand: 6H 8C TH 2C AD Deck: 4S JD 4D 8C QC Best hand: two-pair
Hand: 4S 6D 4C 6D 3C Deck: KC 3H 8H KS 5H Best hand: two-pair
Hand: KH 5D QH 7S 7D Deck: AS QH 3H 4S 8C Best hand: two-pair
Hand: 5S AS AD 8H TD Deck: 4D 7H JD 9D 3H Best hand: one-pair
Hand: 9S 5D 6H 5D 4H Deck: 3C 6S JS TC 4C Best hand: two-pair
Hand: 8D AH TC 7C 6H Deck: 7S KS QH 5C 9S Best hand: one-pair
Hand: KS 8C 3D QH QC Deck: 3S 3D 6D 8H AC Best hand: full-house
Hand: 3H AD 8C 8S AC Deck: 6D AD 4C QH 8S Best hand: three-of-a-kind
Hand: TS 6C 3S 3C 6C Deck: QH 9C 5C 5S 6C Best hand: two-pair
Hand: 9D 9C 5S 5D 3S Deck: KD 3H 2D 2S 5D Best hand: two-pair
Hand: TS 5D KS QS 3C Deck: 3D 7S 8H AH QS Best hand: one-pair
Hand: 9C TC 2D TD QC Deck: 6C KC AH 2S 4H Best hand: flush
Hand: TD 2D 4H 9S 3D Deck: 7H 8C KD 3S 6C Best hand: one-pair
Hand: TH KC JS 3H TS Deck: 4C 9H KD 9D 3D Best hand: two-pair
Hand: 3C 6S 3D 6C 5D Deck: 5D KC KS 2H 5H Best hand: two-pair
Hand: 8C JD 6S KD TC Deck: 6C JC 6D 8C QC Best hand: full-house
Hand: 7S 6D 3H 8S 4C Deck: AC 8S 2H 7S 9S Best hand: one-pair
Hand: 9H JS QC 6H 4H Deck: 6S 3S AS AC 4C Best hand: two-pair
Hand: 4H 8D 8H TH 5H Deck: JC JC 5C JD 3S Best hand: full-house
Hand: JH 9C TD 4H TS Deck: TD AH 6D TS KH Best hand: three-of-a-kind
Hand: KH 3S TD 7S JH Deck: TD 9D 2H 2C AH Best hand: two-pair
Hand: 8D 4S 7D 4D QH Deck: 2C 6C 7S QH QH Best hand: one-pair
Hand: 3D KD 7H 8S 2C Deck: 6D JH JC 6C 8H Best hand: two-pair
Hand: 6D AS 9D JS QD Deck: 6H KH 9C JS KD Best hand: two-pair
Hand: 7H AS QC 7S 2S Deck: 7S 5D AC 7D 9D Best hand: three-of-a-kind
Hand: 2C AD TH TS 8D Deck: TD KH JS 4H 9H Best hand: three-of-a-kind
Hand: 2S JS JC 8S 4C Deck: 2S 7H 7D KH 4H Best hand: two-pair
Hand: TC KS JD TS KS Deck: QD JH 9D 5D KS Best hand: straight
Hand: 7D 3H KH 2C 7H Deck: 3D 2D 3D AD TS Best hand: full-house
Hand: 3C 6C 9C 2D KC Deck: KD 3C AH 3H 6D Best hand: three-of-a-kind
Hand: 9S TC 2C 9S 4D Deck: TS 9C AS 4S 2H Best hand: full-house
Hand: 2H AD KH 7S QD Deck: TH 5S 6C QH JC Best hand: one-pair
Hand: 9H TS 6C 7C 3S Deck: 3C 3S 4S 7D 7C Best hand: three-of-a-kind
Hand: TS QD TD AS KD Deck: 9C 6S 3H QD 8S Best hand: one-pair
Hand: 9S 2C 8D 4H 5S Deck: TH 9C 8D AS 3S Best hand: two-pair
Hand: 6C KH 7C JD JC Deck: 5C KC KC 2D JC Best hand: flush
Hand: 3D JD 5S 6D 4S Deck: 9D JH 3D QS 6C Best hand: two-pair
Hand: JC TH TC TC 4D Deck: JS TH AC 5C 5C Best hand: four-of-a-kind
Hand: JS 8S 5C TD 6C Deck: 5C 8D TD QS 5C Best hand: two-pair
Hand: 9D 2C 7H 6D QS Deck: 4S 2H 2C JD AD Best hand: three-of-a-kind
Hand: 8C 5D TD 5S TS Deck: JH 5H 9H 6D JD Best hand: three-of-a-kind
Hand: 2C JH KC 6C 3S Deck: TD 8D JD TD 9D Best hand: flush
Hand: 8C 3H 4S AS 4D Deck: 3D JD 2H QD 2S Best hand: two-pair
Hand: JD JH KH 7S 6C Deck: QS 4S 6C AC QD Best hand: one-pair
Hand: QS 3S 4S 3H 8D Deck: JC 9C KD 9S 7S Best hand: one-pair
Hand: 7D 8C 9S KH 7D Deck: QS 6C 4H 2C 5H Best hand: one-pair
Hand: AD 6C QC 4D 5H Deck: 9D TH 4D KD 2S Best hand: one-pair
Hand: 4S 7S KD QH JH Deck: 5S 4S 7C 9D 8H Best hand: two-pair
Hand: KC AD QH 5D 9S Deck: 6C 2S AH 6C JS Best hand: two-pair
Hand: 3D 2S 6D 6D 5D Deck: 7C 3D JH 4S 2C Best hand: two-pair
Hand: QD 7C 4D 2H 7S Deck: QC JH 2D KC 7C Best hand: two-pair
Hand: 4S 4D 7D 8C 5H Deck: 9H 2H 8D AS QH Best hand: one-pair
Hand: 4D 5D 4S JC 8D Deck: AH KS 3H QS AS Best hand: one-pair
Hand: 8H 2H 9C AH 6H Deck: 9C 4S 5S 5S 4C Best hand: two-pair
Hand: TS KC KS JC JS Deck: AH 8H 8H 2H 3C Best hand: two-pair
Hand: 8H AD 8S QH 5C Deck: JD TS 9H TS 5H Best hand: straight
Hand: 8C JC 3D TS 7H Deck: 8D AS AD 2C 8S Best hand: two-pair
Hand: 5H 4H QS AS 7D Deck: 4H 7D QD QD 7D Best hand: three-of-a-kind
Hand: TC TC 4S 8C TC Deck: 8S 9S TH QS AH Best hand: full-house
Hand: AS TC 7S 4S TD Deck: 7H 4S KC 4H 5C Best hand: three-of-a-kind
Hand: 3D 7C 4C 8D 5S Deck: TH 4D 9H 5C QC Best hand: one-pair
Hand: 5H 3H 2D 6D AC Deck: 4C KD 3C 5C TD Best hand: straight
Hand: 9D 6S TC 3S 5H Deck: 6C 9S 9D 2C 9C Best hand: full-house
Hand: AC TS 6H 6C AC Deck: 7D TH 8C 7H AS Best hand: two-pair
Hand: 3H 8D 8S 6S 8D Deck: QD 9S AD 7D 4S Best hand: three-of-a-kind
Hand: 4H 2S 7S 9D 5S Deck: TS 6H 7D QS QS Best hand: one-pair
Hand: 7D TH 6C 8H 2H Deck: TS TD KC 4H TS Best hand: three-of-a-kind
Hand: TS 6D 8H 4D TC Deck: 8D 8H 3C 7H 4H Best hand: full-house
Hand: 5S 2D JD 9S 3C Deck: 5D 6S 7C AC TC Best hand: one-pair
Hand: 6H KC 5H 8S 8S Deck: 9H TH 4C 3H JH Best hand: one-pair
Hand: KS 4H QC 7S 5C Deck: KC 7H TC 4D 7D Best hand: two-pair
Hand: 7S AC TD 2D QD Deck: 6C 8D 6S TD 6H Best hand: three-of-a-kind
Hand: 2D JD JD 4D AC Deck: 2D KD 8H 4D 5C Best hand: flush
Hand: 2C 8S TS KH TC Deck: 7C AD JD 3D JS Best hand: one-pair
Hand: 9D 7C QC JC 6H Deck: KS KH 3C 6S 5C Best hand: two-pair
Hand: AC 2C 6C 8S AD Deck: 7C QH 4C JD 6D Best hand: one-pair
Hand: AH 2S AD JS TH Deck: 7H 6H AC TS 5H Best hand: three-of-a-kind
Hand: TH 6S 6D 4C 6D Deck: AC 5C 9H KS KD Best hand: three-of-a-kind
Hand: 4C TC 6S 3H 4C Deck: QH AC QC 8H 3C Best hand: two-pair
Hand: 3S 6H 4H JH 7S Deck: 3D 2D TH QD 7H Best hand: one-pair
Hand: AD 4C 8C TD 6H Deck: QS QC 7H AH 5H Best hand: two-pair
Hand: 4S 4S KS 2H 7H Deck: 2C 8H 7C JC 8S Best hand: two-pair
Hand: 5H QC 2H TS 6C Deck: 4H TS 5H 8D JD Best hand: two-pair
Hand: QS 7D 4C AC 4H Deck: 7C 3D 7H 9S 5C Best hand: three-of-a-kind
Hand: 3S KS TD TD TC Deck: QD AD TS AH JH Best hand: three-of-a-kind
Hand: QC 6C AC KH AS Deck: AC 4C JH QS 5D Best hand: flush
Hand: 8S 9S 6D TS 9D Deck: QS 2H 6D AS 5C Best hand: one-pair
Hand: 5S 3C KC 9C 9D Deck: 4S 5H 9C 5S 2S Best hand: three-of-a-kind
Hand: 8D 8H QS QC AS Deck: JH 7H 9H KC 3D Best hand: two-pair
Hand: 5H 2S 7H 8H TH Deck: 7D 9H 8H 8S 7H Best hand: three-of-a-kind
Hand: 6C 9C 3D 7S KS Deck: 2S 9D 7H 7S 4C Best hand: three-of-a-kind
Hand: 3S 7S KC 4D TC Deck: 5H 2D QS 4S JC Best hand: one-pair
Hand: 8D 4S JD KC KS Deck: AS 8H QS JH 2S Best hand: two-pair
Hand: 2C AH 3D QD JH Deck: 8H AH TC TS 6S Best hand: two-pair
Hand: JC 5D 2C TC 3S Deck: TH QC 2H 2D 6S Best hand: three-of-a-kind
Hand: 4H 7D 2S JC QS Deck: 9H TS 7S 3H 8S Best hand: one-pair
Hand: 3S 2H 3C 7S 4D Deck: 2C 3C 6S 8S 5S Best hand: full-house
Hand: TC 9S AC 8C 3S Deck: 5S AS QD 2D 9S Best hand: one-pair
Hand: JD JS JD TS 7S Deck: QS 2H TS 4D 7C Best hand: three-of-a-kind
Hand: 4D 7C 5D 2S 6C Deck: 2S 9S 9D TD 4H Best hand: two-pair
Hand: 2H 5C TC 6D JH Deck: 2C 4D 4H QH TC Best hand: two-pair
Hand: KH QS 9D KH AC Deck: 9H 4D 8D 3S 2S Best hand: two-pair
Hand: TC AS 6S 9H 5D Deck: 6S 3C 6D TD JC Best hand: three-of-a-kind
Hand: KS 3H 3C 6S 5D Deck: AS 6H 6C 8C 4H Best hand: three-of-a-kind
Hand: 2H KC 4D TS KC Deck: 7S 5D QS 2H 8D Best hand: one-pair
Hand: 7H 5D 2C 4D 3C Deck: 7S AD TS 3S KS Best hand: one-pair
Hand: 3S KH QH 5C JH Deck: 3D KS KH 2H 6D Best hand: full-house
Hand: 5D AH 5S 2D 6S Deck: JD 4H 6H 5S 4H Best hand: one-pair
Hand: KD 3C AD 3S KS Deck: JS JS 2C JS TS Best hand: three-of-a-kind
Hand: 5S 9D 6H KD 6D Deck: AH 4D JC JH JD Best hand: three-of-a-kind
Hand: QC 8D TD 9C 7C Deck: AC 5D 7H TS TD Best hand: one-pair
Hand: AD 8H 8H KD 4D Deck: AC 5H 7C 9S 4H Best hand: two-pair
Hand: 4D 6C AS 6S 9H Deck: KS QD 7D 7D 3S Best hand: one-pair
Hand: 9D AC AC 7H 5H Deck: 3C QS TD JS 8H Best hand: one-pair
Hand: 4C AD 8D 5S 3H Deck: JD 3D JH JS 7D Best hand: full-house
Hand: 2C TD 9H QH JD Deck: 3S 6H JS KS 4H Best hand: one-pair
Hand: JS 9C 4C AC AC Deck: TS TS QH AH 9H Best hand: two-pair
Hand: AH 6D 6C 3D QD Deck: TH 3D TD KD 6D Best hand: two-pair
Hand: 2C 6S 4H 4S 6H Deck: 4S TH 7D 4S KD Best hand: full-house
Hand: QS AH KS 2C JD Deck: 9S JH KS 6C 3D Best hand: two-pair
Hand: 6D 4S 5C 4H JS Deck: TH JC 6D 9S TH Best hand: two-pair
Hand: QH 9H 7H 2H 5H Deck: QS 2C JH 8D 7D Best hand: flush
Hand: AH AS 3H 4D 4H Deck: 3S 6C 9H 4D AS Best hand: two-pair
Hand: JD KC 8H 6D 2C Deck: QS 2D 3D TS KD Best hand: one-pair
Hand: 6H 2S 5C TC 4C Deck: KD AS AC JH 6S Best hand: one-pair
Hand: KD 8D AH 4C KD Deck: JC JC 4S 9S JS Best hand: three-of-a-kind
Hand: 6D 3C 4S TH 7D Deck: 2C 4H JS 7C 5S Best hand: one-pair
Hand: 7D QS 4S JH 4C Deck: 7H 3H 5H 2C TD Best hand: two-pair
Hand: AS QC 8H 5S AS Deck: JC 4C TC 7D 2H Best hand: one-pair
Hand: KS 7H 2C 2S KS Deck: 6D 4C JH 8C AD Best hand: two-pair
Hand: AH 7D 3C 7D 4S Deck: TC QS QD 6S AS Best hand: two-pair
Hand: 8H 4S 6H KC TD Deck: 3S JD 5S KC 3D Best hand: one-pair
Hand: 3S KD JC AC 4H Deck: AC 6C 4C AS JS Best hand: flush
Hand: TS 8D AC KC KC Deck: 4H QD 6C TS 5D Best hand: one-pair
Hand: 5S 4H 3C 3S 6D Deck: TS 6H AD AD 4S Best hand: two-pair
Hand: QD 3S AS 5S QC Deck: 3D 4D 6C KH 2C Best hand: two-pair
Hand: 6C 3H 8D 9C JD Deck: 9H KH JS 5D QC Best hand: two-pair
Hand: KS 6D QS 9D 4C Deck: 7C 9S 6C 7C 9C Best hand: two-pair
Hand: KC 6S AD 7S 9D Deck: 9C KS 7D 6S 7D Best hand: two-pair
Hand: 6C 2C 3D 7S 3S Deck: JS 8C KS 3H 3C Best hand: one-pair
Hand: 5H QD KH 4C 5S Deck: AC 3H JD AC AD Best hand: three-of-a-kind
Hand: 7H 8H TC 8H TC Deck: 6D 8D 7D 3C 6D Best hand: three-of-a-kind
Hand: AH JD 6D 8D 6S Deck: 6H 6D 9C 4C 7C Best hand: four-of-a-kind
Hand: KD 9H 6S 4D AD Deck: 8D 5S 3C 4D 6S Best hand: one-pair
Hand: 5S AD 2D 8S KS Deck: 6H QH KS AD JH Best hand: one-pair
Hand: 4D AC AD 2C 3H Deck: JS 5H 3H 7C 6H Best hand: one-pair
Hand: TD KH TD 4C TH Deck: AC 2S 3C KS TH Best hand: three-of-a-kind
Hand: 6H 6H JS KH 8H Deck: 9S JC 6D TS 4D Best hand: three-of-a-kind
Hand: QH 2S 6C TC AH Deck: AD 5D 6D 3S 8D Best hand: two-pair
Hand: JS QD 5S 9H 2C Deck: 6H 3C KD 7S 6H Best hand: one-pair
Hand: KS KS 9C 4C 5S Deck: 4S 4H 8C 3D 9C Best hand: full-house
Hand: 7D QD 4C 7S KS Deck: QC 6D TD 5C 5C Best hand: two-pair
Hand: AH 8H JC 8C 9H Deck: 4C 9S 4S 5D 9S Best hand: two-pair
Hand: JS AC 2S 6D 4S Deck: 9S 8S 7S 5H 8S Best hand: flush
Hand: 6C 2C 6D 6S 3S Deck: AS 9H 2D 3C 9S Best hand: three-of-a-kind
Hand: 3S JH 5D JH 9H Deck: 9C 7S KS 7C 2H Best hand: two-pair
Hand: KH KC QD 6C 6S Deck: 9D 9H TH JH QC Best hand: two-pair
Hand: 5S 4H 7H JS QC Deck: 9S AD 3D 5C JC Best hand: one-pair
Hand: QC 5D KH AC 5C Deck: 7H 2C 2H AC TD Best hand: two-pair
Hand: QH 9D 7H 2S KD Deck: JS TD AH 9H 7C Best hand: straight
Hand: 6H KC 6S 9S 2C Deck: TC KS 6S 9S 7C Best hand: three-of-a-kind
Hand: 5D 5D 7H 8C TD Deck: KC 4D QD 6S 6S Best hand: one-pair
Hand: 3S KH 4D TD 9S Deck: TS 9S 4C 9C 7C Best hand: three-of-a-kind
Hand: QS 8D 9D 5S 9S Deck: 2S 5H 3C 5H KD Best hand: three-of-a-kind
Hand: AD QD AS AS AH Deck: QS 7S 6D 6C 3C Best hand: four-of-a-kind
Hand: 6D 4D 4C 8S AC Deck: 7S AD 7H 6H QS Best hand: two-pair
Hand: 3C 6D 7S 9S TH Deck: 9H 5H 5S 8S 5H Best hand: three-of-a-kind
Hand: 2S 6S 7S KD 8D Deck: AS AD 5H 5C 5D Best hand: full-house
Hand: 7S KS AS 5S JC Deck: KH 9C TH AS 6H Best hand: one-pair
Hand: 5H 8H 2D AC 9H Deck: 4S 2H 3S 6C 6D Best hand: straight
Hand: 4D 5C 7S 9S 7S Deck: 9D 7H 5S AH 2S Best hand: full-house
Hand: 2S AH 7C 3S 6D Deck: 6S AS 5S 3H 3C Best hand: flush
Hand: 2C 5H JD 8S JD Deck: 8S TS 4H AS KH Best hand: two-pair
Hand: JC JS JS JH 7H Deck: 3S 5D 5S 6H JS Best hand: four-of-a-kind
Hand: KC TD AS 9S JH Deck: 8C 3D QC QS JC Best hand: one-pair
Hand: JD 6C 9S 9C 4H Deck: 5C 6C 5D 8H 9C Best hand: two-pair
Hand: QH JC 7S 7C 8D Deck: 8S KC JC 4C TC Best hand: two-pair
Hand: 4S 9D 8C AD 6C Deck: 2H 5H 7D AC 2H Best hand: one-pair
Hand: 5C 4S 4C 2C 9C Deck: 4S 8C QC QC 8H Best hand: three-of-a-kind
Hand: 9C 6C 2C AC AS Deck: 5S 4C QH JH 2S Best hand: one-pair
Hand: 8S QS QS 8C 9C Deck: 7D 2D 8D 2D 9H Best hand: three-of-a-kind
Hand: 4H 2H 3H KC 3D Deck: 5D QC 3D TD 9C Best hand: three-of-a-kind
Hand: JH 7D KS 8H TC Deck: AH 5S TS AD 7H Best hand: two-pair
Hand: 6H 8S 6D 9C 3C Deck: 3H 5C 8H QS TS Best hand: two-pair
Hand: 7H QC JD 3S 5H Deck: 2C 5H 7C 8H 4H Best hand: two-pair
Hand: 7H AH JC AC 7S Deck: KH KS QD KD AH Best hand: three-of-a-kind
Hand: TD 6H 2S 6S 6C Deck: 7D KD JH AS 5H Best hand: three-of-a-kind
Hand: 2D TD QC 9S QS Deck: JD TC 4S JC 3D Best hand: two-pair
Hand: 5C AS JD 8C 7D Deck: QD 5S 3D AH 8D Best hand: one-pair
Hand: 8C JS JS 8C AC Deck: AS 6D QH 6H 8H Best hand: two-pair
Hand: 8S 8H 9H 5D 5D Deck: 2C 6H 8D KS 7H Best hand: three-of-a-kind
Hand: 8H 8H 7D 9D 3S Deck: 3C 2C QH 6S 9D Best hand: two-pair
Hand: 9C 3C AH KH JD Deck: 6D KD 2C 5S KH Best hand: one-pair
Hand: 7S JS 4D 5S 7D Deck: 2S 8D KH 4C AH Best hand: one-pair
Hand: 9H 7S QS AS 4C Deck: KD 9S QH 3S 9D Best hand: two-pair
Hand: KH 2H 4S QH 7C Deck: QC 3C 7S 6H 5C Best hand: two-pair
Hand: AC 7D 9C 3S KC Deck: 2C 5H JS KD 8D Best hand: one-pair
Hand: 7D 6S 6H 2S 4S Deck: QC 9C 8C KC AD Best hand: one-pair
Hand: 5D 8D 2D 9H AS Deck: 8S 3D 8D 4H KS Best hand: three-of-a-kind
Hand: 5C 7H KH 7H TC Deck: 3D QS 8C KD TS Best hand: one-pair
Hand: 8S 4D JD KD TC Deck: 4S 9C AC 6S AH Best hand: one-pair
Hand: AD AH 8D 2C 2C Deck: 5D QC QD 9S AS Best hand: two-pair
Hand: KS 2S 7H 3D 9S Deck: JS 8S 7C 9H 7S Best hand: flush
Hand: 6D 3C JD TH 6C Deck: 5D 6S JS 6D JD Best hand: three-of-a-kind
Hand: 9C 2D 6H 4C TH Deck: AC TS 7C 8S 9D Best hand: one-pair
Hand: 6S 6S JC TS 4C Deck: 3D 5H AH 2S 4C Best hand: straight
Hand: 3D QC QS 2S 4D Deck: 9C 2H 3S 6D KS Best hand: two-pair
Hand: 7C 8C 7S 3H JC Deck: 5C QD 4H 5H QH Best hand: two-pair
Hand: 8C 5S 8H AH QC Deck: 9S 8H TD 4H 5C Best hand: three-of-a-kind
Hand: 7C JS 2C 2C QS Deck: 4C 5H JD QH QH Best hand: one-pair
Hand: 2H 3H 3D 6H TS Deck: 3D 8H 2D AH 9D Best hand: three-of-a-kind
Hand: AH 7H AS 5H 4H Deck: 7C JC KH 3H TS Best hand: two-pair
Hand: AD 4D 9H 4C JD Deck: QH 8S 8C 9C KS Best hand: two-pair
Hand: 2C TH 6S KS QS Deck: 2H 5H AD 8C 3D Best hand: one-pair
Hand: QD 4H QH TH 9H Deck: KC TC TH JC 4H Best hand: three-of-a-kind
Hand: TS 4C 6C 2C 5H Deck: QC JD 7C 3C KS Best hand: highest card
Hand: KH 9S TS JH 5D Deck: 7D 9H 3C 7S 3C Best hand: two-pair
Hand: JD QD AH 5S 7S Deck: 5S AD 7S 9S 8H Best hand: two-pair
Hand: JH 9H 9H 4C 3H Deck: 8C JC QS JS QH Best hand: three-of-a-kind
Hand: 7S 3S JC KC JS Deck: JC QD 5D 3S KC Best hand: three-of-a-kind
Hand: 9H TS AC JH 7D Deck: 6H TC KD KS 9S Best hand: two-pair
Hand: TH JD KC 3D QS Deck: 5H QC 7C JS 2H Best hand: one-pair
Hand: QS 9D TD QD TS Deck: 3C KH 4D 8S KC Best hand: two-pair
Hand: TS QH 2D QH KH Deck: 2C AC 8D QD 9D Best hand: two-pair
Hand: 5D 5D 2S AD AC Deck: TS 3D 9C 5S 6S Best hand: two-pair
Hand: JH AD QS 4D 6S Deck: 5S 8D JD TS 3S Best hand: one-pair
Hand: 2S 5H KH 8H 7C Deck: 2D 9S AS 9D JH Best hand: two-pair
Hand: AS 9D 7H 9C 3C Deck: QH TC 3H 7C 9S Best hand: one-pair
Hand: AD 3H 2D 9C KS Deck: 5H 2D 2S 2C 3C Best hand: four-of-a-kind
Hand: 3C AH JS 2S AD Deck: 4C 6D 6D JS TS Best hand: two-pair
Hand: 4C 9H 7S AH 8D Deck: 5D 7D KD JH 5D Best hand: one-pair
Hand: 8H JS 9D TD 8C Deck: 2D 9H 2S 9D QS Best hand: full-house
Hand: 4S 3D 2C 5S QH Deck: 9H 4H 6H 4C 4H Best hand: three-of-a-kind
Hand: JC 4C 9S KC KH Deck: 4D TD 3S 8H 5C Best hand: two-pair
Hand: AH 5D 8D 9S TC Deck: 2S 4C KD 8D JH Best hand: one-pair
Hand: 5C 2S AS 7C TH Deck: 9C 5C 2H TH 9D Best hand: two-pair
Hand: JD 2S TH QD 4C Deck: 2H 6H 4C 4S 2C Best hand: three-of-a-kind
Hand: 8S 8D 6H 3D 6H Deck: 6C 6H 4C 9C 2C Best hand: four-of-a-kind
Hand: AS TS 6C JD JS Deck: JS 7H 4D 7H JS Best hand: three-of-a-kind
Hand: 6H KS TS QH 4H Deck: 4C 4S 7H JS 2C Best hand: three-of-a-kind
Hand: AH 3D KC QD 6S Deck: 2C 8C QD 2S 6H Best hand: two-pair
Hand: 2D 3C 9S 2C 4S Deck: 9H 7S 2C 5D QC Best hand: three-of-a-kind
Hand: JD AH 8D 5C AH Deck: 6D 2H AC 2D AH Best hand: three-of-a-kind
Hand: TD KD 2H 6C 4C Deck: 8C 5D KH 7D 3C Best hand: one-pair
Hand: AC 3C 7C JC 4S Deck: 3H TS 8H QS QC Best hand: one-pair
Hand: 5S KD KD KC JC Deck: JD TC AH KH 4S Best hand: full-house
Hand: 9H TD 3S 4H TH Deck: TS AD 3D 9C 8C Best hand: three-of-a-kind
Hand: 3S 4D AC 7H QC Deck: 6D AS QD 4S JC Best hand: two-pair
Hand: 7H TC 2C JH 2D Deck: 4H 6C 2C 2D 7D Best hand: three-of-a-kind
Hand: 4S 2H QH 7D KH Deck: 2C QC QH 6S 8C Best hand: full-house
Hand: JC 2H 7H 6S KH Deck: JH 4S JD TC KH Best hand: three-of-a-kind
Hand: KS 9S 4S 7D 4S Deck: 2C KD JS QD 6D Best hand: two-pair
Hand: 5S QH 4D 8S 5S Deck: 6D QC 7C KC QC Best hand: two-pair
Hand: 8D 6C 7D 6D 9H Deck: 5H 3C 7C TS KH Best hand: straight
Hand: TC TD QD QH 7C Deck: 3S 2D 9C 9S 9S Best hand: three-of-a-kind
Hand: QS 3H 9S 7H 7C Deck: QC 7H TS 4H TS Best hand: full-house
Hand: AC 2S 5H 9C JD Deck: 2S AD 9H 5C JH Best hand: two-pair
Hand: 9D 8C TD 9H 6H Deck: AD 3D AC 4S AS Best hand: three-of-a-kind
Hand: 7C 3C AC TH 7C Deck: AD 4C 2D 4D AH Best hand: two-pair
Hand: 4D 4S QC 8D 8S Deck: 7H 5H TC 8H 3D Best hand: two-pair
Hand: 2C 3D 9D 6D TD Deck: 9H QS 6S 4H AD Best hand: two-pair
Hand: 6C 6S 7D KH KC Deck: TH 9D 5C 5D 2D Best hand: two-pair
Hand: 4H 6D 7D 8H JC Deck: 7C 9S AC 5H AD Best hand: one-pair
Hand: 7D TS 7S 4D 9H Deck: QD 8H AC QD 4C Best hand: one-pair
Hand: 3C 7H 4C 6S 8D Deck: QD 4H 2C 9C 2C Best hand: one-pair
Hand: TC 5C 7C 7D 7H Deck: 8H 3C JH JD JC Best hand: three-of-a-kind
Hand: 3S JC 8D AS 2H Deck: AH 8H QD AH AC Best hand: three-of-a-kind
Hand: 6S TS 3S 6H QH Deck: TH 7S TH 3C 6C Best hand: three-of-a-kind
Hand: 8C 3S AD 8H 4D Deck: 5C 4H 3C TH 5C Best hand: two-pair
Hand: 5S 2D 7H KH 2H Deck: 4H KC 9S 5C 4D Best hand: two-pair
Hand: TH QC 3S 5D 8S Deck: 9C 3H 5D 4S 2H Best hand: two-pair
Hand: 2C 3H 8D 5C 6C Deck: 2C 2C 9H 7D 8S Best hand: flush
Hand: 2H QS AS 4H KS Deck: 3S 7D 8C TC 8H Best hand: one-pair
Hand: 4D 9S 9C 5H 7C Deck: 8H AS 2D 5C 3S Best hand: one-pair
Hand: 6S JD AD 7D 7H Deck: 6C 3S 7C 4S AS Best hand: three-of-a-kind
Hand: 3D 2D 6D AS TH Deck: AC 4D TC 2D QC Best hand: two-pair
Hand: JS AH 2H JD TC Deck: TS AS 4D 5H QS Best hand: two-pair
Hand: 6D KS 7D 5S 3S Deck: 4C 3H 3S 2C TC Best hand: straight
Hand: 8D 6S KS AS 2C Deck: TD 4C JC JC 2H Best hand: one-pair
Hand: 7C 8D JH 5H 5H Deck: 8S 7D 2C KS JH Best hand: two-pair
Hand: 8S 3S QC AC QD Deck: 7H TC AD 4C 5S Best hand: one-pair
Hand: 6C 6C 5S 9D QC Deck: KH TH 8S 3C 9H Best hand: one-pair
Hand: 7D 5H AD 9D 6C Deck: 2S KC TC 3C 6H Best hand: highest card
Hand: 8C 2D AD TD 8D Deck: QC QD 9D 6S 2H Best hand: two-pair
Hand: 4H 6D 5D AH 5D Deck: 4D 9S 7S TC KC Best hand: two-pair
Hand: 4H JS QS 9S 8C Deck: 3C 2C QD 3D QS Best hand: two-pair
Hand: 9D QC 2C 4S 4H Deck: 6D 9D 8S AC 6S Best hand: two-pair
Hand: 8S 7C JH 9D TH Deck: 6C 5D KS 3C KD Best hand: straight
Hand: 6C 6C 9D 7S QS Deck: 5C TC 3C 3C 9D Best hand: flush
Hand: KH TD QC TH QH Deck: 2C 6C 4S TS 4C Best hand: two-pair
Hand: TH 8H 6D 5D 6C Deck: 4S JC 7D 7C 4D Best hand: two-pair
Hand: 7S 5D AC 6C AS Deck: 7D 5C JH 4H 8S Best hand: two-pair
Hand: 4H 5D 5C 5C 3C Deck: 3S JC KH 3H 9S Best hand: full-house
Hand: TH 8H KS JC 5H Deck: 9C QH 3D 3S KS Best hand: straight
Hand: 4S 3S AD 2C JS Deck: QH 5C 9D 3C 5H Best hand: one-pair
Hand: JH 9C AS JC 2D Deck: KH JH JS 5C QS Best hand: four-of-a-kind
Hand: 8S 3D JC AH 6D Deck: 4D 4C QS 9D 6S Best hand: one-pair
Hand: 6S 8D 7C TS 5D Deck: 4S 8D KC AD JC Best hand: straight
Hand: TD 6S 6C 2D AD Deck: 7S 8D TH TC JS Best hand: three-of-a-kind
Hand: 6H 6S 9S 7D JC Deck: 5H 9S JH 9H TS Best hand: three-of-a-kind
Hand: TH 3H 5C 2D JH Deck: AD 6C 8D 9S 4H Best hand: highest card
Hand: 6S 9H 5D 8C AH Deck: QS TS 5C 5H 6H Best hand: three-of-a-kind
Hand: 6S 8C 3D 2C 7D Deck: 6C 4C 3D QS AC Best hand: two-pair
Hand: 9S 6D 2H JS 7H Deck: KD AH KS 5C 8D Best hand: one-pair
Hand: 2C AH QD 6S 4C Deck: KH KC 4S 5D 3D Best hand: two-pair
Hand: AD 2H 8H TC 5H Deck: JS 7S 2C 8S 9S Best hand: one-pair
Hand: 6D 6H 6S KH 6D Deck: KD 4D 4C KC 6D Best hand: four-of-a-kind
Hand: 3C AC 5H KD JH Deck: 7C 4S 6D 4D KH Best hand: straight
Hand: 9D AS 7C 6S KS Deck: JD 9D 6C QS 8S Best hand: two-pair
Hand: 6S 6H 7H 7D 2H Deck: TC 6D 3D AD 2C Best hand: three-of-a-kind
Hand: 9C 5S JH 7H TS Deck: QC 4D QH 4D TS Best hand: two-pair
Hand: 3C QD 6H 2S JH Deck: 3S 7D QH JS 6S Best hand: two-pair
Hand: 2C 2D 2D AS 8S Deck: 3D 2S JH QC 5H Best hand: four-of-a-kind
Hand: 2D JS 2D KC 5S Deck: 3D TS 9S 3C 6D Best hand: one-pair
Hand: 7S 9D AD KC 3C Deck: AD 7C QS JS 6D Best hand: two-pair
Hand: 6D JC 9S TD KS Deck: AS 8H 7S AH JS Best hand: one-pair
Hand: 5S 3H 5C 7D QD Deck: 2D 9H TS AS TC Best hand: one-pair
Hand: 5H TS KH 8C 7C Deck: 5D 2H 2S 7C 9S Best hand: two-pair
Hand: 7S 5H TH TH AC Deck: QD TH 2S 4S 3S Best hand: three-of-a-kind
Hand: 2H 7D JC 4S 7H Deck: 8S AC 9H 3H QS Best hand: one-pair
Hand: TH 9H AH 7H 7D Deck: JC 6S KH JD 2H Best hand: one-pair
Hand: 2S 7H KD 4S 8C Deck: JS 8H AD 8H 4D Best hand: three-of-a-kind
Hand: 3S 6H KH KC AH Deck: TC 3H 7S TD 8H Best hand: two-pair
Hand: 9S 5D 7S 7C 2S Deck: 4D 4S 8D TC 7H Best hand: two-pair
Hand: 7H 9S 2C 8D KD Deck: KH 4H 9H 4S 7S Best hand: two-pair
Hand: TH AC 5C 9C AC Deck: 9S 3H 4C QC 7S Best hand: two-pair
Hand: AH 6C AS 2C 4C Deck: 9S QH 3S 6S AD Best hand: one-pair
Hand: 2H KS TD QD 6H Deck: 8D 9S 9C TS 5D Best hand: two-pair
Hand: 5C 3D 5H 4H AC Deck: 9C 5C JS JS JC Best hand: three-of-a-kind
Hand: 8H 9D 9D KS 3D Deck: 2C 6D AH 6D KD Best hand: one-pair
Hand: 3H KC 8S AS 9D Deck: 4C AC 8H KC 4S Best hand: two-pair
Hand: 3C 4H 2S KS 3D Deck: QH JD 8C 7D QH Best hand: one-pair
Hand: QC 7D KH 3D AS Deck: TH TC 5S 6C QS Best hand: one-pair
Hand: 6C 5D TC AD AC Deck: 6S 5C 2S 3S KS Best hand: two-pair
Hand: 7H 7D 7C 8D QC Deck: AC KC 8S 3S 7H Best hand: three-of-a-kind
Hand: JC 3S KH JD AD Deck: 6S 8H 5D 4H 7D Best hand: straight
Hand: 2S 2S 9C 8S 6D Deck: 6S QS 8S TC 6H Best hand: flush
Hand: 4S 6H 4C QD 8C Deck: AS 9H 2H 5C AC Best hand: one-pair
Hand: 4D 9D JC AH 4D Deck: KC KC 6S 3D 7D Best hand: two-pair
Hand: TD KD 7C 8H JD Deck: 7S 8S 6S TH 6C Best hand: two-pair
Hand: 7H 3D 3D KC TH Deck: 5S 3C 2S QH 8H Best hand: three-of-a-kind
Hand: QD 9C 3D 8C 8C Deck: JC 5S 3H 9H 4H Best hand: one-pair
Hand: 3S 2S 8C 9C 3H Deck: 6D TC 7S 5C KH Best hand: straight
Hand: QC 4H 8D KH 7H Deck: JC TD 8D TS 4C Best hand: two-pair
Hand: 3H 8S 2D QH 2D Deck: 6S 4D JH AD 3H Best hand: one-pair
Hand: 2H AD TC 9C KH Deck: QS 7H 2C TD JS Best hand: one-pair
Hand: JD 9S 2C 2D 9S Deck: 8S JS 2D 7C 5C Best hand: three-of-a-kind
Hand: 6D KC 6S JD 5D Deck: 6C JD 5S QH 8H Best hand: full-house
Hand: 9C 7H 4H 6S 7H Deck: 9C 6S 8H 7C 2C Best hand: two-pair
Hand: 7S 3C 4S KS 6H Deck: QD 2D 5S 7S TD Best hand: one-pair
Hand: 6S 3D 4H TC KH Deck: 3D KC 3C 7D AH Best hand: full-house
Hand: AS 7H AH 9H 6C Deck: 2C 5D KD TD JD Best hand: one-pair
Hand: KD AD QD 7S JS Deck: 2H 2C 4C JC 4C Best hand: two-pair
Hand: TC TH 3D AD 2C Deck: 2D 9S 6S 5C KS Best hand: two-pair
Hand: 8C 3D 8S 3H 8D Deck: AD JC AH 9H AS Best hand: full-house
Hand: 5S KS KD 8S TC Deck: 5C 5C 7C TH TD Best hand: full-house
Hand: 3D 5D 5D 3C 7C Deck: JH JS AC 3S JC Best hand: three-of-a-kind
Hand: KS 6H TS 7H 5H Deck: 2D 9S 4S 9S 9H Best hand: three-of-a-kind
Hand: 6H 6C 2S 2D 4H Deck: 5H QD 9S KS 2H Best hand: two-pair
Hand: KH AC KD AS 5C Deck: 4H 6S QC KH 4D Best hand: two-pair
Hand: 9C 4D JD 5C 6C Deck: 4D JD 3H 2S TH Best hand: two-pair
Hand: 3D 5C 2C 4S 7C Deck: 4D 5S AC 2S 6D Best hand: straight
Hand: 8S JD 6D 2C KD Deck: 9D 5C 6S 2C AS Best hand: one-pair
Hand: 3S KS 4D JC 7C Deck: 7D 6C 2D JS 6C Best hand: one-pair
Hand: 7H 9S QH TD 6S Deck: JC 8S 4H QH 6D Best hand: straight
Hand: QS 4C 5D 6S 4C Deck: KH JD 4D TS TS Best hand: three-of-a-kind
Hand: 9S 9S 8D 5H 3S Deck: 7C KD QC 9C KC Best hand: one-pair
Hand: KC AH AD 5C 3H Deck: 4C TD JD JS AH Best hand: one-pair
Hand: 3C 9C 3H 5D 8D Deck: KH 2S TD QH JS Best hand: one-pair
Hand: KH KC 7H AH AC Deck: AH 6D AC 5H TS Best hand: four-of-a-kind
Hand: 4C 6H TH 6D QS Deck: 3C 3S 6H 6D 8D Best hand: full-house
Hand: QH AC 5D QD 7D Deck: 9S 2C JH 8H QC Best hand: one-pair
Hand: KH 9H 5H AH AC Deck: QD AS 6S KD 9C Best hand: three-of-a-kind
Hand: JD 5D 2C JD 8C Deck: 9D TH JH QH QH Best hand: straight
Hand: 8H AS 8H 2C 7D Deck: 4S 9S TC TH 8S Best hand: one-pair
Hand: 3C 7D 8D 2D 3H Deck: 7S 7H 5H TH 7D Best hand: full-house
Hand: KS 8D KS QH JH Deck: JH 8H 2S 7H AS Best hand: two-pair
Hand: 8D 8H 9C 9D QC Deck: 9S JD KC QC AH Best hand: full-house
Hand: 9C 2S 2C 7S 8C Deck: 8C TC 8H 2S 3H Best hand: flush
Hand: 5S 7S 3D 8D 7D Deck: KD 7H QC 2C TD Best hand: three-of-a-kind
Hand: 7C 7H 2S 8S QH Deck: 8D 4S 2D QD 2C Best hand: two-pair
Hand: 2D 7H QS 7H 6H Deck: 6S QD 4C 4D 2H Best hand: two-pair
Hand: 9H 2S 9D 6D JS Deck: 4H 4C 2S KS 7D Best hand: two-pair
Hand: 8C JD KH TD 6H Deck: 4C AS 9H QC JD Best hand: highest card
Hand: 4D 7H TC 2S TD Deck: 3H 8C 7C 5C 9S Best hand: one-pair
Hand: 7D 2S JH 9S TS Deck: QS 6C 5S 9C 4D Best hand: one-pair
Hand: 3C QD 2C 8D 4C Deck: QD 4C JD 3D KD Best hand: two-pair
Hand: 2C TS 5H 3C 5H Deck: KD 5H 2S 6C AC Best hand: three-of-a-kind
Hand: 6H 3H TC 2C 2S Deck: KH 5H 7C 8S KS Best hand: one-pair
Hand: 9H 2H 7H 3H 9C Deck: AH 7H TH 2C 5D Best hand: flush
Hand: 3D 5C 8D 8C TH Deck: QC 3H 7C TD TD Best hand: two-pair
Hand: 9H 6D 2H JD KC Deck: 7H 9H TC 6D 7S Best hand: one-pair
Hand: TH AC 7D 8C TS Deck: 5H 2S 8S KH QS Best hand: one-pair
Hand: 4D 4S 2H 4D 4C Deck: 6S KC 5D 6H 7H Best hand: four-of-a-kind
Hand: 3H JH 8H KC 8S Deck: 4D 4H 2H JC KS Best hand: two-pair
Hand: 4C 8S AC TD AD Deck: 7S TH AH QH 5H Best hand: three-of-a-kind
Hand: 3D TS KC 7C TC Deck: 4S 7D AD 8H QD Best hand: two-pair
Hand: KD AS JS 2H 4C Deck: 2H QH AH 9C 5S Best hand: two-pair
Hand: 9H 3H 6C 5S 4S Deck: QC 6D TC 5H TS Best hand: one-pair
Hand: 6S 5H 5C 9C QH Deck: 2D KS 2C AC 3S Best hand: two-pair
Hand: TS TS AH 9S AH Deck: 5H AH 7H 9H 8S Best hand: flush
Hand: 3D 4D 4C 8C 5H Deck: 2S 6C AS 5D QS Best hand: straight
Hand: QD 3C 6S 7S 8D Deck: 5S 7C 4S KH KS Best hand: straight
Hand: 5C JH 7C 5D 7C Deck: 4H 5C 5H 5H JD Best hand: four-of-a-kind
Hand: 8C 8D QH 8C 2D Deck: KC 4H 2C KS QD Best hand: three-of-a-kind
Hand: QD 4S KD AC 7D Deck: AH 9C AH KH 7S Best hand: three-of-a-kind
Hand: 3D JH 8S 2S 7C Deck: 9H 7C AH 5H AD Best hand: one-pair
Hand: 9S 2C KH 4H AS Deck: 9C 5C 7D 2S TD Best hand: one-pair
Hand: 4H QH 7S TS 4D Deck: 2H 8H 2S JC QH Best hand: two-pair
Hand: KD 5C KS 3H 7H Deck: 8D 9S 7C 7H KH Best hand: three-of-a-kind
Hand: 7S 6C 5H QS 2S Deck: 2D 8D KC 5D 5S Best hand: one-pair
Hand: AC 2D 6D QH AC Deck: 5S QC 6D 2C KC Best hand: two-pair
